2018-09-10 09:40:08 INFO main - Server is running in TLS permissive mode
2018-09-10 09:40:08 INFO main - Tls config file doesn't exist, skip it
2018-09-10 09:40:08 INFO main - Log the final used tls related configuration
2018-09-10 09:40:08 INFO main - tls.test.mode.enable = true
2018-09-10 09:40:08 INFO main - tls.server.need.client.auth = none
2018-09-10 09:40:08 INFO main - tls.server.keyPath = null
2018-09-10 09:40:08 INFO main - tls.server.keyPassword = null
2018-09-10 09:40:08 INFO main - tls.server.certPath = null
2018-09-10 09:40:08 INFO main - tls.server.authClient = false
2018-09-10 09:40:08 INFO main - tls.server.trustCertPath = null
2018-09-10 09:40:08 INFO main - tls.client.keyPath = null
2018-09-10 09:40:08 INFO main - tls.client.keyPassword = null
2018-09-10 09:40:08 INFO main - tls.client.certPath = null
2018-09-10 09:40:08 INFO main - tls.client.authServer = false
2018-09-10 09:40:08 INFO main - tls.client.trustCertPath = null
2018-09-10 09:40:09 INFO main - Using OpenSSL provider
2018-09-10 09:40:09 INFO main - SSLContext created for server
2018-09-10 09:40:09 INFO main - Server is running in TLS permissive mode
2018-09-10 09:40:09 INFO main - Tls config file doesn't exist, skip it
2018-09-10 09:40:09 INFO main - Log the final used tls related configuration
2018-09-10 09:40:09 INFO main - tls.test.mode.enable = true
2018-09-10 09:40:09 INFO main - tls.server.need.client.auth = none
2018-09-10 09:40:09 INFO main - tls.server.keyPath = null
2018-09-10 09:40:09 INFO main - tls.server.keyPassword = null
2018-09-10 09:40:09 INFO main - tls.server.certPath = null
2018-09-10 09:40:09 INFO main - tls.server.authClient = false
2018-09-10 09:40:09 INFO main - tls.server.trustCertPath = null
2018-09-10 09:40:09 INFO main - tls.client.keyPath = null
2018-09-10 09:40:09 INFO main - tls.client.keyPassword = null
2018-09-10 09:40:09 INFO main - tls.client.certPath = null
2018-09-10 09:40:09 INFO main - tls.client.authServer = false
2018-09-10 09:40:09 INFO main - tls.client.trustCertPath = null
2018-09-10 09:40:09 INFO main - Using OpenSSL provider
2018-09-10 09:40:09 INFO main - SSLContext created for server
2018-09-10 09:40:09 INFO main - name server address updated. NEW : [namesrv:9876] , OLD: null
2018-09-10 09:40:09 INFO NettyEventExecutor - NettyEventExecutor service started
2018-09-10 09:40:09 INFO NettyEventExecutor - NettyEventExecutor service started
2018-09-10 09:40:09 INFO brokerOutApi_thread_1 - createChannel: begin to connect remote host[namesrv:9876] asynchronously
2018-09-10 09:40:09 INFO NettyClientWorkerThread_1 - NETTY CLIENT PIPELINE: CONNECT  UNKNOWN => amesrv/172.18.0.2:9876
2018-09-10 09:40:09 INFO brokerOutApi_thread_1 - createChannel: connect remote host[namesrv:9876] success, DefaultChannelPromise@7c4f01e(success)
2018-09-10 10:12:41 INFO main - Server is running in TLS permissive mode
2018-09-10 10:12:41 INFO main - Tls config file doesn't exist, skip it
2018-09-10 10:12:41 INFO main - Log the final used tls related configuration
2018-09-10 10:12:41 INFO main - tls.test.mode.enable = true
2018-09-10 10:12:41 INFO main - tls.server.need.client.auth = none
2018-09-10 10:12:41 INFO main - tls.server.keyPath = null
2018-09-10 10:12:41 INFO main - tls.server.keyPassword = null
2018-09-10 10:12:41 INFO main - tls.server.certPath = null
2018-09-10 10:12:41 INFO main - tls.server.authClient = false
2018-09-10 10:12:41 INFO main - tls.server.trustCertPath = null
2018-09-10 10:12:41 INFO main - tls.client.keyPath = null
2018-09-10 10:12:41 INFO main - tls.client.keyPassword = null
2018-09-10 10:12:41 INFO main - tls.client.certPath = null
2018-09-10 10:12:41 INFO main - tls.client.authServer = false
2018-09-10 10:12:41 INFO main - tls.client.trustCertPath = null
2018-09-10 10:12:41 INFO main - Using OpenSSL provider
2018-09-10 10:12:41 INFO main - SSLContext created for server
2018-09-10 10:12:41 INFO main - Server is running in TLS permissive mode
2018-09-10 10:12:41 INFO main - Tls config file doesn't exist, skip it
2018-09-10 10:12:41 INFO main - Log the final used tls related configuration
2018-09-10 10:12:41 INFO main - tls.test.mode.enable = true
2018-09-10 10:12:41 INFO main - tls.server.need.client.auth = none
2018-09-10 10:12:41 INFO main - tls.server.keyPath = null
2018-09-10 10:12:41 INFO main - tls.server.keyPassword = null
2018-09-10 10:12:41 INFO main - tls.server.certPath = null
2018-09-10 10:12:41 INFO main - tls.server.authClient = false
2018-09-10 10:12:41 INFO main - tls.server.trustCertPath = null
2018-09-10 10:12:41 INFO main - tls.client.keyPath = null
2018-09-10 10:12:41 INFO main - tls.client.keyPassword = null
2018-09-10 10:12:41 INFO main - tls.client.certPath = null
2018-09-10 10:12:41 INFO main - tls.client.authServer = false
2018-09-10 10:12:41 INFO main - tls.client.trustCertPath = null
2018-09-10 10:12:41 INFO main - Using OpenSSL provider
2018-09-10 10:12:41 INFO main - SSLContext created for server
2018-09-10 10:12:41 INFO main - name server address updated. NEW : [namesrv:9876] , OLD: null
2018-09-10 10:12:41 INFO NettyEventExecutor - NettyEventExecutor service started
2018-09-10 10:12:41 INFO NettyEventExecutor - NettyEventExecutor service started
2018-09-10 10:12:41 INFO brokerOutApi_thread_1 - createChannel: begin to connect remote host[namesrv:9876] asynchronously
2018-09-10 10:12:41 INFO NettyClientWorkerThread_1 - NETTY CLIENT PIPELINE: CONNECT  UNKNOWN => amesrv/172.18.0.2:9876
2018-09-10 10:12:41 INFO brokerOutApi_thread_1 - createChannel: connect remote host[namesrv:9876] success, DefaultChannelPromise@459d6704(success)
2018-09-10 11:49:11 INFO main - Server is running in TLS permissive mode
2018-09-10 11:49:11 INFO main - Tls config file doesn't exist, skip it
2018-09-10 11:49:11 INFO main - Log the final used tls related configuration
2018-09-10 11:49:11 INFO main - tls.test.mode.enable = true
2018-09-10 11:49:11 INFO main - tls.server.need.client.auth = none
2018-09-10 11:49:11 INFO main - tls.server.keyPath = null
2018-09-10 11:49:11 INFO main - tls.server.keyPassword = null
2018-09-10 11:49:11 INFO main - tls.server.certPath = null
2018-09-10 11:49:11 INFO main - tls.server.authClient = false
2018-09-10 11:49:11 INFO main - tls.server.trustCertPath = null
2018-09-10 11:49:11 INFO main - tls.client.keyPath = null
2018-09-10 11:49:11 INFO main - tls.client.keyPassword = null
2018-09-10 11:49:11 INFO main - tls.client.certPath = null
2018-09-10 11:49:11 INFO main - tls.client.authServer = false
2018-09-10 11:49:11 INFO main - tls.client.trustCertPath = null
2018-09-10 11:49:12 INFO main - Using OpenSSL provider
2018-09-10 11:49:12 INFO main - SSLContext created for server
2018-09-10 11:49:12 INFO main - Server is running in TLS permissive mode
2018-09-10 11:49:12 INFO main - Tls config file doesn't exist, skip it
2018-09-10 11:49:12 INFO main - Log the final used tls related configuration
2018-09-10 11:49:12 INFO main - tls.test.mode.enable = true
2018-09-10 11:49:12 INFO main - tls.server.need.client.auth = none
2018-09-10 11:49:12 INFO main - tls.server.keyPath = null
2018-09-10 11:49:12 INFO main - tls.server.keyPassword = null
2018-09-10 11:49:12 INFO main - tls.server.certPath = null
2018-09-10 11:49:12 INFO main - tls.server.authClient = false
2018-09-10 11:49:12 INFO main - tls.server.trustCertPath = null
2018-09-10 11:49:12 INFO main - tls.client.keyPath = null
2018-09-10 11:49:12 INFO main - tls.client.keyPassword = null
2018-09-10 11:49:12 INFO main - tls.client.certPath = null
2018-09-10 11:49:12 INFO main - tls.client.authServer = false
2018-09-10 11:49:12 INFO main - tls.client.trustCertPath = null
2018-09-10 11:49:12 INFO main - Using OpenSSL provider
2018-09-10 11:49:12 INFO main - SSLContext created for server
2018-09-10 11:49:12 INFO main - name server address updated. NEW : [namesrv:9876] , OLD: null
2018-09-10 11:49:12 INFO NettyEventExecutor - NettyEventExecutor service started
2018-09-10 11:49:12 INFO NettyEventExecutor - NettyEventExecutor service started
2018-09-10 11:49:12 INFO brokerOutApi_thread_1 - createChannel: begin to connect remote host[namesrv:9876] asynchronously
2018-09-10 11:49:12 INFO NettyClientWorkerThread_1 - NETTY CLIENT PIPELINE: CONNECT  UNKNOWN => amesrv/172.18.0.2:9876
2018-09-10 11:49:12 INFO brokerOutApi_thread_1 - createChannel: connect remote host[namesrv:9876] success, DefaultChannelPromise@4b44dee3(success)
2018-09-10 11:49:14 INFO NettyServerCodecThread_1 - NETTY SERVER PIPELINE: channelRegistered 172.18.0.1:60466
2018-09-10 11:49:14 INFO NettyServerCodecThread_1 - NETTY SERVER PIPELINE: channelActive, the channel[172.18.0.1:60466]
2018-09-10 11:49:14 INFO NettyServerCodecThread_1 - NETTY SERVER PIPELINE: channelRegistered 172.18.0.1:46986
2018-09-10 11:49:14 INFO NettyServerCodecThread_1 - NETTY SERVER PIPELINE: channelActive, the channel[172.18.0.1:46986]
