2018-09-10 09:40:09 INFO TransactionalMessageCheckService - Start transaction check service thread!
2018-09-10 09:41:09 INFO TransactionalMessageCheckService - Begin to check prepare message, begin time:1536543669581
2018-09-10 09:41:09 INFO TransactionalMessageCheckService - Check topic=RMQ_SYS_TRANS_HALF_TOPIC, queues=[MessageQueue [topic=RMQ_SYS_TRANS_HALF_TOPIC, brokerName=481b34555c8a, queueId=0]]
2018-09-10 09:41:09 INFO TransactionalMessageCheckService - Before check, the queue=MessageQueue [topic=RMQ_SYS_TRANS_HALF_TOPIC, brokerName=481b34555c8a, queueId=0] msgOffset=0 opOffset=0
2018-09-10 09:41:09 WARN TransactionalMessageCheckService - No new message. GetMessageStatus=NO_MESSAGE_IN_QUEUE, topic=RMQ_SYS_TRANS_OP_HALF_TOPIC, groupId=CID_RMQ_SYS_TRANS, requestOffset=0
2018-09-10 09:41:09 WARN TransactionalMessageCheckService - The miss op offset=0 in queue=MessageQueue [topic=RMQ_SYS_TRANS_OP_HALF_TOPIC, brokerName=481b34555c8a, queueId=0] is NO_NEW_MSG, pullResult=PullResult [pullStatus=NO_NEW_MSG, nextBeginOffset=0, minOffset=0, maxOffset=0, msgFoundList=0]
2018-09-10 09:41:09 WARN TransactionalMessageCheckService - No new message. GetMessageStatus=NO_MESSAGE_IN_QUEUE, topic=RMQ_SYS_TRANS_HALF_TOPIC, groupId=CID_RMQ_SYS_TRANS, requestOffset=0
2018-09-10 09:41:09 INFO TransactionalMessageCheckService - No new msg, the miss offset=0 in=MessageQueue [topic=RMQ_SYS_TRANS_HALF_TOPIC, brokerName=481b34555c8a, queueId=0], continue check=2, pull result=PullResult [pullStatus=NO_NEW_MSG, nextBeginOffset=0, minOffset=0, maxOffset=0, msgFoundList=0]
2018-09-10 09:41:09 INFO TransactionalMessageCheckService - End to check prepare message, consumed time:19
2018-09-10 09:42:09 INFO TransactionalMessageCheckService - Begin to check prepare message, begin time:1536543729600
2018-09-10 09:42:09 INFO TransactionalMessageCheckService - Check topic=RMQ_SYS_TRANS_HALF_TOPIC, queues=[MessageQueue [topic=RMQ_SYS_TRANS_HALF_TOPIC, brokerName=481b34555c8a, queueId=0]]
2018-09-10 09:42:09 INFO TransactionalMessageCheckService - Before check, the queue=MessageQueue [topic=RMQ_SYS_TRANS_HALF_TOPIC, brokerName=481b34555c8a, queueId=0] msgOffset=0 opOffset=0
2018-09-10 09:42:09 WARN TransactionalMessageCheckService - No new message. GetMessageStatus=NO_MESSAGE_IN_QUEUE, topic=RMQ_SYS_TRANS_OP_HALF_TOPIC, groupId=CID_RMQ_SYS_TRANS, requestOffset=0
2018-09-10 09:42:09 WARN TransactionalMessageCheckService - The miss op offset=0 in queue=MessageQueue [topic=RMQ_SYS_TRANS_OP_HALF_TOPIC, brokerName=481b34555c8a, queueId=0] is NO_NEW_MSG, pullResult=PullResult [pullStatus=NO_NEW_MSG, nextBeginOffset=0, minOffset=0, maxOffset=0, msgFoundList=0]
2018-09-10 09:42:09 WARN TransactionalMessageCheckService - No new message. GetMessageStatus=NO_MESSAGE_IN_QUEUE, topic=RMQ_SYS_TRANS_HALF_TOPIC, groupId=CID_RMQ_SYS_TRANS, requestOffset=0
2018-09-10 09:42:09 INFO TransactionalMessageCheckService - No new msg, the miss offset=0 in=MessageQueue [topic=RMQ_SYS_TRANS_HALF_TOPIC, brokerName=481b34555c8a, queueId=0], continue check=2, pull result=PullResult [pullStatus=NO_NEW_MSG, nextBeginOffset=0, minOffset=0, maxOffset=0, msgFoundList=0]
2018-09-10 09:42:09 INFO TransactionalMessageCheckService - End to check prepare message, consumed time:1
2018-09-10 09:43:09 INFO TransactionalMessageCheckService - Begin to check prepare message, begin time:1536543789601
2018-09-10 09:43:09 INFO TransactionalMessageCheckService - Check topic=RMQ_SYS_TRANS_HALF_TOPIC, queues=[MessageQueue [topic=RMQ_SYS_TRANS_HALF_TOPIC, brokerName=481b34555c8a, queueId=0]]
2018-09-10 09:43:09 INFO TransactionalMessageCheckService - Before check, the queue=MessageQueue [topic=RMQ_SYS_TRANS_HALF_TOPIC, brokerName=481b34555c8a, queueId=0] msgOffset=0 opOffset=0
2018-09-10 09:43:09 WARN TransactionalMessageCheckService - No new message. GetMessageStatus=NO_MESSAGE_IN_QUEUE, topic=RMQ_SYS_TRANS_OP_HALF_TOPIC, groupId=CID_RMQ_SYS_TRANS, requestOffset=0
2018-09-10 09:43:09 WARN TransactionalMessageCheckService - The miss op offset=0 in queue=MessageQueue [topic=RMQ_SYS_TRANS_OP_HALF_TOPIC, brokerName=481b34555c8a, queueId=0] is NO_NEW_MSG, pullResult=PullResult [pullStatus=NO_NEW_MSG, nextBeginOffset=0, minOffset=0, maxOffset=0, msgFoundList=0]
2018-09-10 09:43:09 WARN TransactionalMessageCheckService - No new message. GetMessageStatus=NO_MESSAGE_IN_QUEUE, topic=RMQ_SYS_TRANS_HALF_TOPIC, groupId=CID_RMQ_SYS_TRANS, requestOffset=0
2018-09-10 09:43:09 INFO TransactionalMessageCheckService - No new msg, the miss offset=0 in=MessageQueue [topic=RMQ_SYS_TRANS_HALF_TOPIC, brokerName=481b34555c8a, queueId=0], continue check=2, pull result=PullResult [pullStatus=NO_NEW_MSG, nextBeginOffset=0, minOffset=0, maxOffset=0, msgFoundList=0]
2018-09-10 09:43:09 INFO TransactionalMessageCheckService - End to check prepare message, consumed time:0
2018-09-10 09:44:09 INFO TransactionalMessageCheckService - Begin to check prepare message, begin time:1536543849601
2018-09-10 09:44:09 INFO TransactionalMessageCheckService - Check topic=RMQ_SYS_TRANS_HALF_TOPIC, queues=[MessageQueue [topic=RMQ_SYS_TRANS_HALF_TOPIC, brokerName=481b34555c8a, queueId=0]]
2018-09-10 09:44:09 INFO TransactionalMessageCheckService - Before check, the queue=MessageQueue [topic=RMQ_SYS_TRANS_HALF_TOPIC, brokerName=481b34555c8a, queueId=0] msgOffset=0 opOffset=0
2018-09-10 09:44:09 WARN TransactionalMessageCheckService - No new message. GetMessageStatus=NO_MESSAGE_IN_QUEUE, topic=RMQ_SYS_TRANS_OP_HALF_TOPIC, groupId=CID_RMQ_SYS_TRANS, requestOffset=0
2018-09-10 09:44:09 WARN TransactionalMessageCheckService - The miss op offset=0 in queue=MessageQueue [topic=RMQ_SYS_TRANS_OP_HALF_TOPIC, brokerName=481b34555c8a, queueId=0] is NO_NEW_MSG, pullResult=PullResult [pullStatus=NO_NEW_MSG, nextBeginOffset=0, minOffset=0, maxOffset=0, msgFoundList=0]
2018-09-10 09:44:09 WARN TransactionalMessageCheckService - No new message. GetMessageStatus=NO_MESSAGE_IN_QUEUE, topic=RMQ_SYS_TRANS_HALF_TOPIC, groupId=CID_RMQ_SYS_TRANS, requestOffset=0
2018-09-10 09:44:09 INFO TransactionalMessageCheckService - No new msg, the miss offset=0 in=MessageQueue [topic=RMQ_SYS_TRANS_HALF_TOPIC, brokerName=481b34555c8a, queueId=0], continue check=2, pull result=PullResult [pullStatus=NO_NEW_MSG, nextBeginOffset=0, minOffset=0, maxOffset=0, msgFoundList=0]
2018-09-10 09:44:09 INFO TransactionalMessageCheckService - End to check prepare message, consumed time:0
2018-09-10 09:45:09 INFO TransactionalMessageCheckService - Begin to check prepare message, begin time:1536543909601
2018-09-10 09:45:09 INFO TransactionalMessageCheckService - Check topic=RMQ_SYS_TRANS_HALF_TOPIC, queues=[MessageQueue [topic=RMQ_SYS_TRANS_HALF_TOPIC, brokerName=481b34555c8a, queueId=0]]
2018-09-10 09:45:09 INFO TransactionalMessageCheckService - Before check, the queue=MessageQueue [topic=RMQ_SYS_TRANS_HALF_TOPIC, brokerName=481b34555c8a, queueId=0] msgOffset=0 opOffset=0
2018-09-10 09:45:09 WARN TransactionalMessageCheckService - No new message. GetMessageStatus=NO_MESSAGE_IN_QUEUE, topic=RMQ_SYS_TRANS_OP_HALF_TOPIC, groupId=CID_RMQ_SYS_TRANS, requestOffset=0
2018-09-10 09:45:09 WARN TransactionalMessageCheckService - The miss op offset=0 in queue=MessageQueue [topic=RMQ_SYS_TRANS_OP_HALF_TOPIC, brokerName=481b34555c8a, queueId=0] is NO_NEW_MSG, pullResult=PullResult [pullStatus=NO_NEW_MSG, nextBeginOffset=0, minOffset=0, maxOffset=0, msgFoundList=0]
2018-09-10 09:45:09 WARN TransactionalMessageCheckService - No new message. GetMessageStatus=NO_MESSAGE_IN_QUEUE, topic=RMQ_SYS_TRANS_HALF_TOPIC, groupId=CID_RMQ_SYS_TRANS, requestOffset=0
2018-09-10 09:45:09 INFO TransactionalMessageCheckService - No new msg, the miss offset=0 in=MessageQueue [topic=RMQ_SYS_TRANS_HALF_TOPIC, brokerName=481b34555c8a, queueId=0], continue check=2, pull result=PullResult [pullStatus=NO_NEW_MSG, nextBeginOffset=0, minOffset=0, maxOffset=0, msgFoundList=0]
2018-09-10 09:45:09 INFO TransactionalMessageCheckService - End to check prepare message, consumed time:1
2018-09-10 09:46:09 INFO TransactionalMessageCheckService - Begin to check prepare message, begin time:1536543969602
2018-09-10 09:46:09 INFO TransactionalMessageCheckService - Check topic=RMQ_SYS_TRANS_HALF_TOPIC, queues=[MessageQueue [topic=RMQ_SYS_TRANS_HALF_TOPIC, brokerName=481b34555c8a, queueId=0]]
2018-09-10 09:46:09 INFO TransactionalMessageCheckService - Before check, the queue=MessageQueue [topic=RMQ_SYS_TRANS_HALF_TOPIC, brokerName=481b34555c8a, queueId=0] msgOffset=0 opOffset=0
2018-09-10 09:46:09 WARN TransactionalMessageCheckService - No new message. GetMessageStatus=NO_MESSAGE_IN_QUEUE, topic=RMQ_SYS_TRANS_OP_HALF_TOPIC, groupId=CID_RMQ_SYS_TRANS, requestOffset=0
2018-09-10 09:46:09 WARN TransactionalMessageCheckService - The miss op offset=0 in queue=MessageQueue [topic=RMQ_SYS_TRANS_OP_HALF_TOPIC, brokerName=481b34555c8a, queueId=0] is NO_NEW_MSG, pullResult=PullResult [pullStatus=NO_NEW_MSG, nextBeginOffset=0, minOffset=0, maxOffset=0, msgFoundList=0]
2018-09-10 09:46:09 WARN TransactionalMessageCheckService - No new message. GetMessageStatus=NO_MESSAGE_IN_QUEUE, topic=RMQ_SYS_TRANS_HALF_TOPIC, groupId=CID_RMQ_SYS_TRANS, requestOffset=0
2018-09-10 09:46:09 INFO TransactionalMessageCheckService - No new msg, the miss offset=0 in=MessageQueue [topic=RMQ_SYS_TRANS_HALF_TOPIC, brokerName=481b34555c8a, queueId=0], continue check=2, pull result=PullResult [pullStatus=NO_NEW_MSG, nextBeginOffset=0, minOffset=0, maxOffset=0, msgFoundList=0]
2018-09-10 09:46:09 INFO TransactionalMessageCheckService - End to check prepare message, consumed time:0
2018-09-10 09:47:09 INFO TransactionalMessageCheckService - Begin to check prepare message, begin time:1536544029602
2018-09-10 09:47:09 INFO TransactionalMessageCheckService - Check topic=RMQ_SYS_TRANS_HALF_TOPIC, queues=[MessageQueue [topic=RMQ_SYS_TRANS_HALF_TOPIC, brokerName=481b34555c8a, queueId=0]]
2018-09-10 09:47:09 INFO TransactionalMessageCheckService - Before check, the queue=MessageQueue [topic=RMQ_SYS_TRANS_HALF_TOPIC, brokerName=481b34555c8a, queueId=0] msgOffset=0 opOffset=0
2018-09-10 09:47:09 WARN TransactionalMessageCheckService - No new message. GetMessageStatus=NO_MESSAGE_IN_QUEUE, topic=RMQ_SYS_TRANS_OP_HALF_TOPIC, groupId=CID_RMQ_SYS_TRANS, requestOffset=0
2018-09-10 09:47:09 WARN TransactionalMessageCheckService - The miss op offset=0 in queue=MessageQueue [topic=RMQ_SYS_TRANS_OP_HALF_TOPIC, brokerName=481b34555c8a, queueId=0] is NO_NEW_MSG, pullResult=PullResult [pullStatus=NO_NEW_MSG, nextBeginOffset=0, minOffset=0, maxOffset=0, msgFoundList=0]
2018-09-10 09:47:09 WARN TransactionalMessageCheckService - No new message. GetMessageStatus=NO_MESSAGE_IN_QUEUE, topic=RMQ_SYS_TRANS_HALF_TOPIC, groupId=CID_RMQ_SYS_TRANS, requestOffset=0
2018-09-10 09:47:09 INFO TransactionalMessageCheckService - No new msg, the miss offset=0 in=MessageQueue [topic=RMQ_SYS_TRANS_HALF_TOPIC, brokerName=481b34555c8a, queueId=0], continue check=2, pull result=PullResult [pullStatus=NO_NEW_MSG, nextBeginOffset=0, minOffset=0, maxOffset=0, msgFoundList=0]
2018-09-10 09:47:09 INFO TransactionalMessageCheckService - End to check prepare message, consumed time:0
2018-09-10 09:48:09 INFO TransactionalMessageCheckService - Begin to check prepare message, begin time:1536544089603
2018-09-10 09:48:09 INFO TransactionalMessageCheckService - Check topic=RMQ_SYS_TRANS_HALF_TOPIC, queues=[MessageQueue [topic=RMQ_SYS_TRANS_HALF_TOPIC, brokerName=481b34555c8a, queueId=0]]
2018-09-10 09:48:09 INFO TransactionalMessageCheckService - Before check, the queue=MessageQueue [topic=RMQ_SYS_TRANS_HALF_TOPIC, brokerName=481b34555c8a, queueId=0] msgOffset=0 opOffset=0
2018-09-10 09:48:09 WARN TransactionalMessageCheckService - No new message. GetMessageStatus=NO_MESSAGE_IN_QUEUE, topic=RMQ_SYS_TRANS_OP_HALF_TOPIC, groupId=CID_RMQ_SYS_TRANS, requestOffset=0
2018-09-10 09:48:09 WARN TransactionalMessageCheckService - The miss op offset=0 in queue=MessageQueue [topic=RMQ_SYS_TRANS_OP_HALF_TOPIC, brokerName=481b34555c8a, queueId=0] is NO_NEW_MSG, pullResult=PullResult [pullStatus=NO_NEW_MSG, nextBeginOffset=0, minOffset=0, maxOffset=0, msgFoundList=0]
2018-09-10 09:48:09 WARN TransactionalMessageCheckService - No new message. GetMessageStatus=NO_MESSAGE_IN_QUEUE, topic=RMQ_SYS_TRANS_HALF_TOPIC, groupId=CID_RMQ_SYS_TRANS, requestOffset=0
2018-09-10 09:48:09 INFO TransactionalMessageCheckService - No new msg, the miss offset=0 in=MessageQueue [topic=RMQ_SYS_TRANS_HALF_TOPIC, brokerName=481b34555c8a, queueId=0], continue check=2, pull result=PullResult [pullStatus=NO_NEW_MSG, nextBeginOffset=0, minOffset=0, maxOffset=0, msgFoundList=0]
2018-09-10 09:48:09 INFO TransactionalMessageCheckService - End to check prepare message, consumed time:0
2018-09-10 09:49:09 INFO TransactionalMessageCheckService - Begin to check prepare message, begin time:1536544149603
2018-09-10 09:49:09 INFO TransactionalMessageCheckService - Check topic=RMQ_SYS_TRANS_HALF_TOPIC, queues=[MessageQueue [topic=RMQ_SYS_TRANS_HALF_TOPIC, brokerName=481b34555c8a, queueId=0]]
2018-09-10 09:49:09 INFO TransactionalMessageCheckService - Before check, the queue=MessageQueue [topic=RMQ_SYS_TRANS_HALF_TOPIC, brokerName=481b34555c8a, queueId=0] msgOffset=0 opOffset=0
2018-09-10 09:49:09 WARN TransactionalMessageCheckService - No new message. GetMessageStatus=NO_MESSAGE_IN_QUEUE, topic=RMQ_SYS_TRANS_OP_HALF_TOPIC, groupId=CID_RMQ_SYS_TRANS, requestOffset=0
2018-09-10 09:49:09 WARN TransactionalMessageCheckService - The miss op offset=0 in queue=MessageQueue [topic=RMQ_SYS_TRANS_OP_HALF_TOPIC, brokerName=481b34555c8a, queueId=0] is NO_NEW_MSG, pullResult=PullResult [pullStatus=NO_NEW_MSG, nextBeginOffset=0, minOffset=0, maxOffset=0, msgFoundList=0]
2018-09-10 09:49:09 WARN TransactionalMessageCheckService - No new message. GetMessageStatus=NO_MESSAGE_IN_QUEUE, topic=RMQ_SYS_TRANS_HALF_TOPIC, groupId=CID_RMQ_SYS_TRANS, requestOffset=0
2018-09-10 09:49:09 INFO TransactionalMessageCheckService - No new msg, the miss offset=0 in=MessageQueue [topic=RMQ_SYS_TRANS_HALF_TOPIC, brokerName=481b34555c8a, queueId=0], continue check=2, pull result=PullResult [pullStatus=NO_NEW_MSG, nextBeginOffset=0, minOffset=0, maxOffset=0, msgFoundList=0]
2018-09-10 09:49:09 INFO TransactionalMessageCheckService - End to check prepare message, consumed time:0
2018-09-10 09:50:09 INFO TransactionalMessageCheckService - Begin to check prepare message, begin time:1536544209603
2018-09-10 09:50:09 INFO TransactionalMessageCheckService - Check topic=RMQ_SYS_TRANS_HALF_TOPIC, queues=[MessageQueue [topic=RMQ_SYS_TRANS_HALF_TOPIC, brokerName=481b34555c8a, queueId=0]]
2018-09-10 09:50:09 INFO TransactionalMessageCheckService - Before check, the queue=MessageQueue [topic=RMQ_SYS_TRANS_HALF_TOPIC, brokerName=481b34555c8a, queueId=0] msgOffset=0 opOffset=0
2018-09-10 09:50:09 WARN TransactionalMessageCheckService - No new message. GetMessageStatus=NO_MESSAGE_IN_QUEUE, topic=RMQ_SYS_TRANS_OP_HALF_TOPIC, groupId=CID_RMQ_SYS_TRANS, requestOffset=0
2018-09-10 09:50:09 WARN TransactionalMessageCheckService - The miss op offset=0 in queue=MessageQueue [topic=RMQ_SYS_TRANS_OP_HALF_TOPIC, brokerName=481b34555c8a, queueId=0] is NO_NEW_MSG, pullResult=PullResult [pullStatus=NO_NEW_MSG, nextBeginOffset=0, minOffset=0, maxOffset=0, msgFoundList=0]
2018-09-10 09:50:09 WARN TransactionalMessageCheckService - No new message. GetMessageStatus=NO_MESSAGE_IN_QUEUE, topic=RMQ_SYS_TRANS_HALF_TOPIC, groupId=CID_RMQ_SYS_TRANS, requestOffset=0
2018-09-10 09:50:09 INFO TransactionalMessageCheckService - No new msg, the miss offset=0 in=MessageQueue [topic=RMQ_SYS_TRANS_HALF_TOPIC, brokerName=481b34555c8a, queueId=0], continue check=2, pull result=PullResult [pullStatus=NO_NEW_MSG, nextBeginOffset=0, minOffset=0, maxOffset=0, msgFoundList=0]
2018-09-10 09:50:09 INFO TransactionalMessageCheckService - End to check prepare message, consumed time:0
2018-09-10 09:51:09 INFO TransactionalMessageCheckService - Begin to check prepare message, begin time:1536544269604
2018-09-10 09:51:09 INFO TransactionalMessageCheckService - Check topic=RMQ_SYS_TRANS_HALF_TOPIC, queues=[MessageQueue [topic=RMQ_SYS_TRANS_HALF_TOPIC, brokerName=481b34555c8a, queueId=0]]
2018-09-10 09:51:09 INFO TransactionalMessageCheckService - Before check, the queue=MessageQueue [topic=RMQ_SYS_TRANS_HALF_TOPIC, brokerName=481b34555c8a, queueId=0] msgOffset=0 opOffset=0
2018-09-10 09:51:09 WARN TransactionalMessageCheckService - No new message. GetMessageStatus=NO_MESSAGE_IN_QUEUE, topic=RMQ_SYS_TRANS_OP_HALF_TOPIC, groupId=CID_RMQ_SYS_TRANS, requestOffset=0
2018-09-10 09:51:09 WARN TransactionalMessageCheckService - The miss op offset=0 in queue=MessageQueue [topic=RMQ_SYS_TRANS_OP_HALF_TOPIC, brokerName=481b34555c8a, queueId=0] is NO_NEW_MSG, pullResult=PullResult [pullStatus=NO_NEW_MSG, nextBeginOffset=0, minOffset=0, maxOffset=0, msgFoundList=0]
2018-09-10 09:51:09 WARN TransactionalMessageCheckService - No new message. GetMessageStatus=NO_MESSAGE_IN_QUEUE, topic=RMQ_SYS_TRANS_HALF_TOPIC, groupId=CID_RMQ_SYS_TRANS, requestOffset=0
2018-09-10 09:51:09 INFO TransactionalMessageCheckService - No new msg, the miss offset=0 in=MessageQueue [topic=RMQ_SYS_TRANS_HALF_TOPIC, brokerName=481b34555c8a, queueId=0], continue check=2, pull result=PullResult [pullStatus=NO_NEW_MSG, nextBeginOffset=0, minOffset=0, maxOffset=0, msgFoundList=0]
2018-09-10 09:51:09 INFO TransactionalMessageCheckService - End to check prepare message, consumed time:0
2018-09-10 09:52:09 INFO TransactionalMessageCheckService - Begin to check prepare message, begin time:1536544329604
2018-09-10 09:52:09 INFO TransactionalMessageCheckService - Check topic=RMQ_SYS_TRANS_HALF_TOPIC, queues=[MessageQueue [topic=RMQ_SYS_TRANS_HALF_TOPIC, brokerName=481b34555c8a, queueId=0]]
2018-09-10 09:52:09 INFO TransactionalMessageCheckService - Before check, the queue=MessageQueue [topic=RMQ_SYS_TRANS_HALF_TOPIC, brokerName=481b34555c8a, queueId=0] msgOffset=0 opOffset=0
2018-09-10 09:52:09 WARN TransactionalMessageCheckService - No new message. GetMessageStatus=NO_MESSAGE_IN_QUEUE, topic=RMQ_SYS_TRANS_OP_HALF_TOPIC, groupId=CID_RMQ_SYS_TRANS, requestOffset=0
2018-09-10 09:52:09 WARN TransactionalMessageCheckService - The miss op offset=0 in queue=MessageQueue [topic=RMQ_SYS_TRANS_OP_HALF_TOPIC, brokerName=481b34555c8a, queueId=0] is NO_NEW_MSG, pullResult=PullResult [pullStatus=NO_NEW_MSG, nextBeginOffset=0, minOffset=0, maxOffset=0, msgFoundList=0]
2018-09-10 09:52:09 WARN TransactionalMessageCheckService - No new message. GetMessageStatus=NO_MESSAGE_IN_QUEUE, topic=RMQ_SYS_TRANS_HALF_TOPIC, groupId=CID_RMQ_SYS_TRANS, requestOffset=0
2018-09-10 09:52:09 INFO TransactionalMessageCheckService - No new msg, the miss offset=0 in=MessageQueue [topic=RMQ_SYS_TRANS_HALF_TOPIC, brokerName=481b34555c8a, queueId=0], continue check=2, pull result=PullResult [pullStatus=NO_NEW_MSG, nextBeginOffset=0, minOffset=0, maxOffset=0, msgFoundList=0]
2018-09-10 09:52:09 INFO TransactionalMessageCheckService - End to check prepare message, consumed time:1
2018-09-10 09:53:09 INFO TransactionalMessageCheckService - Begin to check prepare message, begin time:1536544389605
2018-09-10 09:53:09 INFO TransactionalMessageCheckService - Check topic=RMQ_SYS_TRANS_HALF_TOPIC, queues=[MessageQueue [topic=RMQ_SYS_TRANS_HALF_TOPIC, brokerName=481b34555c8a, queueId=0]]
2018-09-10 09:53:09 INFO TransactionalMessageCheckService - Before check, the queue=MessageQueue [topic=RMQ_SYS_TRANS_HALF_TOPIC, brokerName=481b34555c8a, queueId=0] msgOffset=0 opOffset=0
2018-09-10 09:53:09 WARN TransactionalMessageCheckService - No new message. GetMessageStatus=NO_MESSAGE_IN_QUEUE, topic=RMQ_SYS_TRANS_OP_HALF_TOPIC, groupId=CID_RMQ_SYS_TRANS, requestOffset=0
2018-09-10 09:53:09 WARN TransactionalMessageCheckService - The miss op offset=0 in queue=MessageQueue [topic=RMQ_SYS_TRANS_OP_HALF_TOPIC, brokerName=481b34555c8a, queueId=0] is NO_NEW_MSG, pullResult=PullResult [pullStatus=NO_NEW_MSG, nextBeginOffset=0, minOffset=0, maxOffset=0, msgFoundList=0]
2018-09-10 09:53:09 WARN TransactionalMessageCheckService - No new message. GetMessageStatus=NO_MESSAGE_IN_QUEUE, topic=RMQ_SYS_TRANS_HALF_TOPIC, groupId=CID_RMQ_SYS_TRANS, requestOffset=0
2018-09-10 09:53:09 INFO TransactionalMessageCheckService - No new msg, the miss offset=0 in=MessageQueue [topic=RMQ_SYS_TRANS_HALF_TOPIC, brokerName=481b34555c8a, queueId=0], continue check=2, pull result=PullResult [pullStatus=NO_NEW_MSG, nextBeginOffset=0, minOffset=0, maxOffset=0, msgFoundList=0]
2018-09-10 09:53:09 INFO TransactionalMessageCheckService - End to check prepare message, consumed time:0
2018-09-10 09:54:09 INFO TransactionalMessageCheckService - Begin to check prepare message, begin time:1536544449605
2018-09-10 09:54:09 INFO TransactionalMessageCheckService - Check topic=RMQ_SYS_TRANS_HALF_TOPIC, queues=[MessageQueue [topic=RMQ_SYS_TRANS_HALF_TOPIC, brokerName=481b34555c8a, queueId=0]]
2018-09-10 09:54:09 INFO TransactionalMessageCheckService - Before check, the queue=MessageQueue [topic=RMQ_SYS_TRANS_HALF_TOPIC, brokerName=481b34555c8a, queueId=0] msgOffset=0 opOffset=0
2018-09-10 09:54:09 WARN TransactionalMessageCheckService - No new message. GetMessageStatus=NO_MESSAGE_IN_QUEUE, topic=RMQ_SYS_TRANS_OP_HALF_TOPIC, groupId=CID_RMQ_SYS_TRANS, requestOffset=0
2018-09-10 09:54:09 WARN TransactionalMessageCheckService - The miss op offset=0 in queue=MessageQueue [topic=RMQ_SYS_TRANS_OP_HALF_TOPIC, brokerName=481b34555c8a, queueId=0] is NO_NEW_MSG, pullResult=PullResult [pullStatus=NO_NEW_MSG, nextBeginOffset=0, minOffset=0, maxOffset=0, msgFoundList=0]
2018-09-10 09:54:09 WARN TransactionalMessageCheckService - No new message. GetMessageStatus=NO_MESSAGE_IN_QUEUE, topic=RMQ_SYS_TRANS_HALF_TOPIC, groupId=CID_RMQ_SYS_TRANS, requestOffset=0
2018-09-10 09:54:09 INFO TransactionalMessageCheckService - No new msg, the miss offset=0 in=MessageQueue [topic=RMQ_SYS_TRANS_HALF_TOPIC, brokerName=481b34555c8a, queueId=0], continue check=2, pull result=PullResult [pullStatus=NO_NEW_MSG, nextBeginOffset=0, minOffset=0, maxOffset=0, msgFoundList=0]
2018-09-10 09:54:09 INFO TransactionalMessageCheckService - End to check prepare message, consumed time:1
2018-09-10 09:55:09 INFO TransactionalMessageCheckService - Begin to check prepare message, begin time:1536544509606
2018-09-10 09:55:09 INFO TransactionalMessageCheckService - Check topic=RMQ_SYS_TRANS_HALF_TOPIC, queues=[MessageQueue [topic=RMQ_SYS_TRANS_HALF_TOPIC, brokerName=481b34555c8a, queueId=0]]
2018-09-10 09:55:09 INFO TransactionalMessageCheckService - Before check, the queue=MessageQueue [topic=RMQ_SYS_TRANS_HALF_TOPIC, brokerName=481b34555c8a, queueId=0] msgOffset=0 opOffset=0
2018-09-10 09:55:09 WARN TransactionalMessageCheckService - No new message. GetMessageStatus=NO_MESSAGE_IN_QUEUE, topic=RMQ_SYS_TRANS_OP_HALF_TOPIC, groupId=CID_RMQ_SYS_TRANS, requestOffset=0
2018-09-10 09:55:09 WARN TransactionalMessageCheckService - The miss op offset=0 in queue=MessageQueue [topic=RMQ_SYS_TRANS_OP_HALF_TOPIC, brokerName=481b34555c8a, queueId=0] is NO_NEW_MSG, pullResult=PullResult [pullStatus=NO_NEW_MSG, nextBeginOffset=0, minOffset=0, maxOffset=0, msgFoundList=0]
2018-09-10 09:55:09 WARN TransactionalMessageCheckService - No new message. GetMessageStatus=NO_MESSAGE_IN_QUEUE, topic=RMQ_SYS_TRANS_HALF_TOPIC, groupId=CID_RMQ_SYS_TRANS, requestOffset=0
2018-09-10 09:55:09 INFO TransactionalMessageCheckService - No new msg, the miss offset=0 in=MessageQueue [topic=RMQ_SYS_TRANS_HALF_TOPIC, brokerName=481b34555c8a, queueId=0], continue check=2, pull result=PullResult [pullStatus=NO_NEW_MSG, nextBeginOffset=0, minOffset=0, maxOffset=0, msgFoundList=0]
2018-09-10 09:55:09 INFO TransactionalMessageCheckService - End to check prepare message, consumed time:0
2018-09-10 09:56:09 INFO TransactionalMessageCheckService - Begin to check prepare message, begin time:1536544569606
2018-09-10 09:56:09 INFO TransactionalMessageCheckService - Check topic=RMQ_SYS_TRANS_HALF_TOPIC, queues=[MessageQueue [topic=RMQ_SYS_TRANS_HALF_TOPIC, brokerName=481b34555c8a, queueId=0]]
2018-09-10 09:56:09 INFO TransactionalMessageCheckService - Before check, the queue=MessageQueue [topic=RMQ_SYS_TRANS_HALF_TOPIC, brokerName=481b34555c8a, queueId=0] msgOffset=0 opOffset=0
2018-09-10 09:56:09 WARN TransactionalMessageCheckService - No new message. GetMessageStatus=NO_MESSAGE_IN_QUEUE, topic=RMQ_SYS_TRANS_OP_HALF_TOPIC, groupId=CID_RMQ_SYS_TRANS, requestOffset=0
2018-09-10 09:56:09 WARN TransactionalMessageCheckService - The miss op offset=0 in queue=MessageQueue [topic=RMQ_SYS_TRANS_OP_HALF_TOPIC, brokerName=481b34555c8a, queueId=0] is NO_NEW_MSG, pullResult=PullResult [pullStatus=NO_NEW_MSG, nextBeginOffset=0, minOffset=0, maxOffset=0, msgFoundList=0]
2018-09-10 09:56:09 WARN TransactionalMessageCheckService - No new message. GetMessageStatus=NO_MESSAGE_IN_QUEUE, topic=RMQ_SYS_TRANS_HALF_TOPIC, groupId=CID_RMQ_SYS_TRANS, requestOffset=0
2018-09-10 09:56:09 INFO TransactionalMessageCheckService - No new msg, the miss offset=0 in=MessageQueue [topic=RMQ_SYS_TRANS_HALF_TOPIC, brokerName=481b34555c8a, queueId=0], continue check=2, pull result=PullResult [pullStatus=NO_NEW_MSG, nextBeginOffset=0, minOffset=0, maxOffset=0, msgFoundList=0]
2018-09-10 09:56:09 INFO TransactionalMessageCheckService - End to check prepare message, consumed time:0
2018-09-10 09:57:09 INFO TransactionalMessageCheckService - Begin to check prepare message, begin time:1536544629606
2018-09-10 09:57:09 INFO TransactionalMessageCheckService - Check topic=RMQ_SYS_TRANS_HALF_TOPIC, queues=[MessageQueue [topic=RMQ_SYS_TRANS_HALF_TOPIC, brokerName=481b34555c8a, queueId=0]]
2018-09-10 09:57:09 INFO TransactionalMessageCheckService - Before check, the queue=MessageQueue [topic=RMQ_SYS_TRANS_HALF_TOPIC, brokerName=481b34555c8a, queueId=0] msgOffset=0 opOffset=0
2018-09-10 09:57:09 WARN TransactionalMessageCheckService - No new message. GetMessageStatus=NO_MESSAGE_IN_QUEUE, topic=RMQ_SYS_TRANS_OP_HALF_TOPIC, groupId=CID_RMQ_SYS_TRANS, requestOffset=0
2018-09-10 09:57:09 WARN TransactionalMessageCheckService - The miss op offset=0 in queue=MessageQueue [topic=RMQ_SYS_TRANS_OP_HALF_TOPIC, brokerName=481b34555c8a, queueId=0] is NO_NEW_MSG, pullResult=PullResult [pullStatus=NO_NEW_MSG, nextBeginOffset=0, minOffset=0, maxOffset=0, msgFoundList=0]
2018-09-10 09:57:09 WARN TransactionalMessageCheckService - No new message. GetMessageStatus=NO_MESSAGE_IN_QUEUE, topic=RMQ_SYS_TRANS_HALF_TOPIC, groupId=CID_RMQ_SYS_TRANS, requestOffset=0
2018-09-10 09:57:09 INFO TransactionalMessageCheckService - No new msg, the miss offset=0 in=MessageQueue [topic=RMQ_SYS_TRANS_HALF_TOPIC, brokerName=481b34555c8a, queueId=0], continue check=2, pull result=PullResult [pullStatus=NO_NEW_MSG, nextBeginOffset=0, minOffset=0, maxOffset=0, msgFoundList=0]
2018-09-10 09:57:09 INFO TransactionalMessageCheckService - End to check prepare message, consumed time:1
2018-09-10 09:58:09 INFO TransactionalMessageCheckService - Begin to check prepare message, begin time:1536544689607
2018-09-10 09:58:09 INFO TransactionalMessageCheckService - Check topic=RMQ_SYS_TRANS_HALF_TOPIC, queues=[MessageQueue [topic=RMQ_SYS_TRANS_HALF_TOPIC, brokerName=481b34555c8a, queueId=0]]
2018-09-10 09:58:09 INFO TransactionalMessageCheckService - Before check, the queue=MessageQueue [topic=RMQ_SYS_TRANS_HALF_TOPIC, brokerName=481b34555c8a, queueId=0] msgOffset=0 opOffset=0
2018-09-10 09:58:09 WARN TransactionalMessageCheckService - No new message. GetMessageStatus=NO_MESSAGE_IN_QUEUE, topic=RMQ_SYS_TRANS_OP_HALF_TOPIC, groupId=CID_RMQ_SYS_TRANS, requestOffset=0
2018-09-10 09:58:09 WARN TransactionalMessageCheckService - The miss op offset=0 in queue=MessageQueue [topic=RMQ_SYS_TRANS_OP_HALF_TOPIC, brokerName=481b34555c8a, queueId=0] is NO_NEW_MSG, pullResult=PullResult [pullStatus=NO_NEW_MSG, nextBeginOffset=0, minOffset=0, maxOffset=0, msgFoundList=0]
2018-09-10 09:58:09 WARN TransactionalMessageCheckService - No new message. GetMessageStatus=NO_MESSAGE_IN_QUEUE, topic=RMQ_SYS_TRANS_HALF_TOPIC, groupId=CID_RMQ_SYS_TRANS, requestOffset=0
2018-09-10 09:58:09 INFO TransactionalMessageCheckService - No new msg, the miss offset=0 in=MessageQueue [topic=RMQ_SYS_TRANS_HALF_TOPIC, brokerName=481b34555c8a, queueId=0], continue check=2, pull result=PullResult [pullStatus=NO_NEW_MSG, nextBeginOffset=0, minOffset=0, maxOffset=0, msgFoundList=0]
2018-09-10 09:58:09 INFO TransactionalMessageCheckService - End to check prepare message, consumed time:0
2018-09-10 09:59:09 INFO TransactionalMessageCheckService - Begin to check prepare message, begin time:1536544749607
2018-09-10 09:59:09 INFO TransactionalMessageCheckService - Check topic=RMQ_SYS_TRANS_HALF_TOPIC, queues=[MessageQueue [topic=RMQ_SYS_TRANS_HALF_TOPIC, brokerName=481b34555c8a, queueId=0]]
2018-09-10 09:59:09 INFO TransactionalMessageCheckService - Before check, the queue=MessageQueue [topic=RMQ_SYS_TRANS_HALF_TOPIC, brokerName=481b34555c8a, queueId=0] msgOffset=0 opOffset=0
2018-09-10 09:59:09 WARN TransactionalMessageCheckService - No new message. GetMessageStatus=NO_MESSAGE_IN_QUEUE, topic=RMQ_SYS_TRANS_OP_HALF_TOPIC, groupId=CID_RMQ_SYS_TRANS, requestOffset=0
2018-09-10 09:59:09 WARN TransactionalMessageCheckService - The miss op offset=0 in queue=MessageQueue [topic=RMQ_SYS_TRANS_OP_HALF_TOPIC, brokerName=481b34555c8a, queueId=0] is NO_NEW_MSG, pullResult=PullResult [pullStatus=NO_NEW_MSG, nextBeginOffset=0, minOffset=0, maxOffset=0, msgFoundList=0]
2018-09-10 09:59:09 WARN TransactionalMessageCheckService - No new message. GetMessageStatus=NO_MESSAGE_IN_QUEUE, topic=RMQ_SYS_TRANS_HALF_TOPIC, groupId=CID_RMQ_SYS_TRANS, requestOffset=0
2018-09-10 09:59:09 INFO TransactionalMessageCheckService - No new msg, the miss offset=0 in=MessageQueue [topic=RMQ_SYS_TRANS_HALF_TOPIC, brokerName=481b34555c8a, queueId=0], continue check=2, pull result=PullResult [pullStatus=NO_NEW_MSG, nextBeginOffset=0, minOffset=0, maxOffset=0, msgFoundList=0]
2018-09-10 09:59:09 INFO TransactionalMessageCheckService - End to check prepare message, consumed time:1
2018-09-10 10:00:09 INFO TransactionalMessageCheckService - Begin to check prepare message, begin time:1536544809608
2018-09-10 10:00:09 INFO TransactionalMessageCheckService - Check topic=RMQ_SYS_TRANS_HALF_TOPIC, queues=[MessageQueue [topic=RMQ_SYS_TRANS_HALF_TOPIC, brokerName=481b34555c8a, queueId=0]]
2018-09-10 10:00:09 INFO TransactionalMessageCheckService - Before check, the queue=MessageQueue [topic=RMQ_SYS_TRANS_HALF_TOPIC, brokerName=481b34555c8a, queueId=0] msgOffset=0 opOffset=0
2018-09-10 10:00:09 WARN TransactionalMessageCheckService - No new message. GetMessageStatus=NO_MESSAGE_IN_QUEUE, topic=RMQ_SYS_TRANS_OP_HALF_TOPIC, groupId=CID_RMQ_SYS_TRANS, requestOffset=0
2018-09-10 10:00:09 WARN TransactionalMessageCheckService - The miss op offset=0 in queue=MessageQueue [topic=RMQ_SYS_TRANS_OP_HALF_TOPIC, brokerName=481b34555c8a, queueId=0] is NO_NEW_MSG, pullResult=PullResult [pullStatus=NO_NEW_MSG, nextBeginOffset=0, minOffset=0, maxOffset=0, msgFoundList=0]
2018-09-10 10:00:09 WARN TransactionalMessageCheckService - No new message. GetMessageStatus=NO_MESSAGE_IN_QUEUE, topic=RMQ_SYS_TRANS_HALF_TOPIC, groupId=CID_RMQ_SYS_TRANS, requestOffset=0
2018-09-10 10:00:09 INFO TransactionalMessageCheckService - No new msg, the miss offset=0 in=MessageQueue [topic=RMQ_SYS_TRANS_HALF_TOPIC, brokerName=481b34555c8a, queueId=0], continue check=2, pull result=PullResult [pullStatus=NO_NEW_MSG, nextBeginOffset=0, minOffset=0, maxOffset=0, msgFoundList=0]
2018-09-10 10:00:09 INFO TransactionalMessageCheckService - End to check prepare message, consumed time:0
2018-09-10 10:01:09 INFO TransactionalMessageCheckService - Begin to check prepare message, begin time:1536544869608
2018-09-10 10:01:09 INFO TransactionalMessageCheckService - Check topic=RMQ_SYS_TRANS_HALF_TOPIC, queues=[MessageQueue [topic=RMQ_SYS_TRANS_HALF_TOPIC, brokerName=481b34555c8a, queueId=0]]
2018-09-10 10:01:09 INFO TransactionalMessageCheckService - Before check, the queue=MessageQueue [topic=RMQ_SYS_TRANS_HALF_TOPIC, brokerName=481b34555c8a, queueId=0] msgOffset=0 opOffset=0
2018-09-10 10:01:09 WARN TransactionalMessageCheckService - No new message. GetMessageStatus=NO_MESSAGE_IN_QUEUE, topic=RMQ_SYS_TRANS_OP_HALF_TOPIC, groupId=CID_RMQ_SYS_TRANS, requestOffset=0
2018-09-10 10:01:09 WARN TransactionalMessageCheckService - The miss op offset=0 in queue=MessageQueue [topic=RMQ_SYS_TRANS_OP_HALF_TOPIC, brokerName=481b34555c8a, queueId=0] is NO_NEW_MSG, pullResult=PullResult [pullStatus=NO_NEW_MSG, nextBeginOffset=0, minOffset=0, maxOffset=0, msgFoundList=0]
2018-09-10 10:01:09 WARN TransactionalMessageCheckService - No new message. GetMessageStatus=NO_MESSAGE_IN_QUEUE, topic=RMQ_SYS_TRANS_HALF_TOPIC, groupId=CID_RMQ_SYS_TRANS, requestOffset=0
2018-09-10 10:01:09 INFO TransactionalMessageCheckService - No new msg, the miss offset=0 in=MessageQueue [topic=RMQ_SYS_TRANS_HALF_TOPIC, brokerName=481b34555c8a, queueId=0], continue check=2, pull result=PullResult [pullStatus=NO_NEW_MSG, nextBeginOffset=0, minOffset=0, maxOffset=0, msgFoundList=0]
2018-09-10 10:01:09 INFO TransactionalMessageCheckService - End to check prepare message, consumed time:0
2018-09-10 10:12:41 INFO TransactionalMessageCheckService - Start transaction check service thread!
2018-09-10 10:13:41 INFO TransactionalMessageCheckService - Begin to check prepare message, begin time:1536545621947
2018-09-10 10:13:41 INFO TransactionalMessageCheckService - Check topic=RMQ_SYS_TRANS_HALF_TOPIC, queues=[MessageQueue [topic=RMQ_SYS_TRANS_HALF_TOPIC, brokerName=481b34555c8a, queueId=0]]
2018-09-10 10:13:41 INFO TransactionalMessageCheckService - Before check, the queue=MessageQueue [topic=RMQ_SYS_TRANS_HALF_TOPIC, brokerName=481b34555c8a, queueId=0] msgOffset=0 opOffset=0
2018-09-10 10:13:41 WARN TransactionalMessageCheckService - No new message. GetMessageStatus=NO_MESSAGE_IN_QUEUE, topic=RMQ_SYS_TRANS_OP_HALF_TOPIC, groupId=CID_RMQ_SYS_TRANS, requestOffset=0
2018-09-10 10:13:41 WARN TransactionalMessageCheckService - The miss op offset=0 in queue=MessageQueue [topic=RMQ_SYS_TRANS_OP_HALF_TOPIC, brokerName=481b34555c8a, queueId=0] is NO_NEW_MSG, pullResult=PullResult [pullStatus=NO_NEW_MSG, nextBeginOffset=0, minOffset=0, maxOffset=0, msgFoundList=0]
2018-09-10 10:13:41 WARN TransactionalMessageCheckService - No new message. GetMessageStatus=NO_MESSAGE_IN_QUEUE, topic=RMQ_SYS_TRANS_HALF_TOPIC, groupId=CID_RMQ_SYS_TRANS, requestOffset=0
2018-09-10 10:13:41 INFO TransactionalMessageCheckService - No new msg, the miss offset=0 in=MessageQueue [topic=RMQ_SYS_TRANS_HALF_TOPIC, brokerName=481b34555c8a, queueId=0], continue check=2, pull result=PullResult [pullStatus=NO_NEW_MSG, nextBeginOffset=0, minOffset=0, maxOffset=0, msgFoundList=0]
2018-09-10 10:13:41 INFO TransactionalMessageCheckService - End to check prepare message, consumed time:15
2018-09-10 10:14:41 INFO TransactionalMessageCheckService - Begin to check prepare message, begin time:1536545681962
2018-09-10 10:14:41 INFO TransactionalMessageCheckService - Check topic=RMQ_SYS_TRANS_HALF_TOPIC, queues=[MessageQueue [topic=RMQ_SYS_TRANS_HALF_TOPIC, brokerName=481b34555c8a, queueId=0]]
2018-09-10 10:14:41 INFO TransactionalMessageCheckService - Before check, the queue=MessageQueue [topic=RMQ_SYS_TRANS_HALF_TOPIC, brokerName=481b34555c8a, queueId=0] msgOffset=0 opOffset=0
2018-09-10 10:14:41 WARN TransactionalMessageCheckService - No new message. GetMessageStatus=NO_MESSAGE_IN_QUEUE, topic=RMQ_SYS_TRANS_OP_HALF_TOPIC, groupId=CID_RMQ_SYS_TRANS, requestOffset=0
2018-09-10 10:14:41 WARN TransactionalMessageCheckService - The miss op offset=0 in queue=MessageQueue [topic=RMQ_SYS_TRANS_OP_HALF_TOPIC, brokerName=481b34555c8a, queueId=0] is NO_NEW_MSG, pullResult=PullResult [pullStatus=NO_NEW_MSG, nextBeginOffset=0, minOffset=0, maxOffset=0, msgFoundList=0]
2018-09-10 10:14:41 WARN TransactionalMessageCheckService - No new message. GetMessageStatus=NO_MESSAGE_IN_QUEUE, topic=RMQ_SYS_TRANS_HALF_TOPIC, groupId=CID_RMQ_SYS_TRANS, requestOffset=0
2018-09-10 10:14:41 INFO TransactionalMessageCheckService - No new msg, the miss offset=0 in=MessageQueue [topic=RMQ_SYS_TRANS_HALF_TOPIC, brokerName=481b34555c8a, queueId=0], continue check=2, pull result=PullResult [pullStatus=NO_NEW_MSG, nextBeginOffset=0, minOffset=0, maxOffset=0, msgFoundList=0]
2018-09-10 10:14:41 INFO TransactionalMessageCheckService - End to check prepare message, consumed time:0
2018-09-10 10:15:41 INFO TransactionalMessageCheckService - Begin to check prepare message, begin time:1536545741962
2018-09-10 10:15:41 INFO TransactionalMessageCheckService - Check topic=RMQ_SYS_TRANS_HALF_TOPIC, queues=[MessageQueue [topic=RMQ_SYS_TRANS_HALF_TOPIC, brokerName=481b34555c8a, queueId=0]]
2018-09-10 10:15:41 INFO TransactionalMessageCheckService - Before check, the queue=MessageQueue [topic=RMQ_SYS_TRANS_HALF_TOPIC, brokerName=481b34555c8a, queueId=0] msgOffset=0 opOffset=0
2018-09-10 10:15:41 WARN TransactionalMessageCheckService - No new message. GetMessageStatus=NO_MESSAGE_IN_QUEUE, topic=RMQ_SYS_TRANS_OP_HALF_TOPIC, groupId=CID_RMQ_SYS_TRANS, requestOffset=0
2018-09-10 10:15:41 WARN TransactionalMessageCheckService - The miss op offset=0 in queue=MessageQueue [topic=RMQ_SYS_TRANS_OP_HALF_TOPIC, brokerName=481b34555c8a, queueId=0] is NO_NEW_MSG, pullResult=PullResult [pullStatus=NO_NEW_MSG, nextBeginOffset=0, minOffset=0, maxOffset=0, msgFoundList=0]
2018-09-10 10:15:41 WARN TransactionalMessageCheckService - No new message. GetMessageStatus=NO_MESSAGE_IN_QUEUE, topic=RMQ_SYS_TRANS_HALF_TOPIC, groupId=CID_RMQ_SYS_TRANS, requestOffset=0
2018-09-10 10:15:41 INFO TransactionalMessageCheckService - No new msg, the miss offset=0 in=MessageQueue [topic=RMQ_SYS_TRANS_HALF_TOPIC, brokerName=481b34555c8a, queueId=0], continue check=2, pull result=PullResult [pullStatus=NO_NEW_MSG, nextBeginOffset=0, minOffset=0, maxOffset=0, msgFoundList=0]
2018-09-10 10:15:41 INFO TransactionalMessageCheckService - End to check prepare message, consumed time:0
2018-09-10 10:16:41 INFO TransactionalMessageCheckService - Begin to check prepare message, begin time:1536545801962
2018-09-10 10:16:41 INFO TransactionalMessageCheckService - Check topic=RMQ_SYS_TRANS_HALF_TOPIC, queues=[MessageQueue [topic=RMQ_SYS_TRANS_HALF_TOPIC, brokerName=481b34555c8a, queueId=0]]
2018-09-10 10:16:41 INFO TransactionalMessageCheckService - Before check, the queue=MessageQueue [topic=RMQ_SYS_TRANS_HALF_TOPIC, brokerName=481b34555c8a, queueId=0] msgOffset=0 opOffset=0
2018-09-10 10:16:41 WARN TransactionalMessageCheckService - No new message. GetMessageStatus=NO_MESSAGE_IN_QUEUE, topic=RMQ_SYS_TRANS_OP_HALF_TOPIC, groupId=CID_RMQ_SYS_TRANS, requestOffset=0
2018-09-10 10:16:41 WARN TransactionalMessageCheckService - The miss op offset=0 in queue=MessageQueue [topic=RMQ_SYS_TRANS_OP_HALF_TOPIC, brokerName=481b34555c8a, queueId=0] is NO_NEW_MSG, pullResult=PullResult [pullStatus=NO_NEW_MSG, nextBeginOffset=0, minOffset=0, maxOffset=0, msgFoundList=0]
2018-09-10 10:16:41 WARN TransactionalMessageCheckService - No new message. GetMessageStatus=NO_MESSAGE_IN_QUEUE, topic=RMQ_SYS_TRANS_HALF_TOPIC, groupId=CID_RMQ_SYS_TRANS, requestOffset=0
2018-09-10 10:16:41 INFO TransactionalMessageCheckService - No new msg, the miss offset=0 in=MessageQueue [topic=RMQ_SYS_TRANS_HALF_TOPIC, brokerName=481b34555c8a, queueId=0], continue check=2, pull result=PullResult [pullStatus=NO_NEW_MSG, nextBeginOffset=0, minOffset=0, maxOffset=0, msgFoundList=0]
2018-09-10 10:16:41 INFO TransactionalMessageCheckService - End to check prepare message, consumed time:1
2018-09-10 10:17:41 INFO TransactionalMessageCheckService - Begin to check prepare message, begin time:1536545861963
2018-09-10 10:17:41 INFO TransactionalMessageCheckService - Check topic=RMQ_SYS_TRANS_HALF_TOPIC, queues=[MessageQueue [topic=RMQ_SYS_TRANS_HALF_TOPIC, brokerName=481b34555c8a, queueId=0]]
2018-09-10 10:17:41 INFO TransactionalMessageCheckService - Before check, the queue=MessageQueue [topic=RMQ_SYS_TRANS_HALF_TOPIC, brokerName=481b34555c8a, queueId=0] msgOffset=0 opOffset=0
2018-09-10 10:17:41 WARN TransactionalMessageCheckService - No new message. GetMessageStatus=NO_MESSAGE_IN_QUEUE, topic=RMQ_SYS_TRANS_OP_HALF_TOPIC, groupId=CID_RMQ_SYS_TRANS, requestOffset=0
2018-09-10 10:17:41 WARN TransactionalMessageCheckService - The miss op offset=0 in queue=MessageQueue [topic=RMQ_SYS_TRANS_OP_HALF_TOPIC, brokerName=481b34555c8a, queueId=0] is NO_NEW_MSG, pullResult=PullResult [pullStatus=NO_NEW_MSG, nextBeginOffset=0, minOffset=0, maxOffset=0, msgFoundList=0]
2018-09-10 10:17:41 WARN TransactionalMessageCheckService - No new message. GetMessageStatus=NO_MESSAGE_IN_QUEUE, topic=RMQ_SYS_TRANS_HALF_TOPIC, groupId=CID_RMQ_SYS_TRANS, requestOffset=0
2018-09-10 10:17:41 INFO TransactionalMessageCheckService - No new msg, the miss offset=0 in=MessageQueue [topic=RMQ_SYS_TRANS_HALF_TOPIC, brokerName=481b34555c8a, queueId=0], continue check=2, pull result=PullResult [pullStatus=NO_NEW_MSG, nextBeginOffset=0, minOffset=0, maxOffset=0, msgFoundList=0]
2018-09-10 10:17:41 INFO TransactionalMessageCheckService - End to check prepare message, consumed time:0
2018-09-10 10:18:41 INFO TransactionalMessageCheckService - Begin to check prepare message, begin time:1536545921963
2018-09-10 10:18:41 INFO TransactionalMessageCheckService - Check topic=RMQ_SYS_TRANS_HALF_TOPIC, queues=[MessageQueue [topic=RMQ_SYS_TRANS_HALF_TOPIC, brokerName=481b34555c8a, queueId=0]]
2018-09-10 10:18:41 INFO TransactionalMessageCheckService - Before check, the queue=MessageQueue [topic=RMQ_SYS_TRANS_HALF_TOPIC, brokerName=481b34555c8a, queueId=0] msgOffset=0 opOffset=0
2018-09-10 10:18:41 WARN TransactionalMessageCheckService - No new message. GetMessageStatus=NO_MESSAGE_IN_QUEUE, topic=RMQ_SYS_TRANS_OP_HALF_TOPIC, groupId=CID_RMQ_SYS_TRANS, requestOffset=0
2018-09-10 10:18:41 WARN TransactionalMessageCheckService - The miss op offset=0 in queue=MessageQueue [topic=RMQ_SYS_TRANS_OP_HALF_TOPIC, brokerName=481b34555c8a, queueId=0] is NO_NEW_MSG, pullResult=PullResult [pullStatus=NO_NEW_MSG, nextBeginOffset=0, minOffset=0, maxOffset=0, msgFoundList=0]
2018-09-10 10:18:41 WARN TransactionalMessageCheckService - No new message. GetMessageStatus=NO_MESSAGE_IN_QUEUE, topic=RMQ_SYS_TRANS_HALF_TOPIC, groupId=CID_RMQ_SYS_TRANS, requestOffset=0
2018-09-10 10:18:41 INFO TransactionalMessageCheckService - No new msg, the miss offset=0 in=MessageQueue [topic=RMQ_SYS_TRANS_HALF_TOPIC, brokerName=481b34555c8a, queueId=0], continue check=2, pull result=PullResult [pullStatus=NO_NEW_MSG, nextBeginOffset=0, minOffset=0, maxOffset=0, msgFoundList=0]
2018-09-10 10:18:41 INFO TransactionalMessageCheckService - End to check prepare message, consumed time:0
2018-09-10 10:19:41 INFO TransactionalMessageCheckService - Begin to check prepare message, begin time:1536545981963
2018-09-10 10:19:41 INFO TransactionalMessageCheckService - Check topic=RMQ_SYS_TRANS_HALF_TOPIC, queues=[MessageQueue [topic=RMQ_SYS_TRANS_HALF_TOPIC, brokerName=481b34555c8a, queueId=0]]
2018-09-10 10:19:41 INFO TransactionalMessageCheckService - Before check, the queue=MessageQueue [topic=RMQ_SYS_TRANS_HALF_TOPIC, brokerName=481b34555c8a, queueId=0] msgOffset=0 opOffset=0
2018-09-10 10:19:41 WARN TransactionalMessageCheckService - No new message. GetMessageStatus=NO_MESSAGE_IN_QUEUE, topic=RMQ_SYS_TRANS_OP_HALF_TOPIC, groupId=CID_RMQ_SYS_TRANS, requestOffset=0
2018-09-10 10:19:41 WARN TransactionalMessageCheckService - The miss op offset=0 in queue=MessageQueue [topic=RMQ_SYS_TRANS_OP_HALF_TOPIC, brokerName=481b34555c8a, queueId=0] is NO_NEW_MSG, pullResult=PullResult [pullStatus=NO_NEW_MSG, nextBeginOffset=0, minOffset=0, maxOffset=0, msgFoundList=0]
2018-09-10 10:19:41 WARN TransactionalMessageCheckService - No new message. GetMessageStatus=NO_MESSAGE_IN_QUEUE, topic=RMQ_SYS_TRANS_HALF_TOPIC, groupId=CID_RMQ_SYS_TRANS, requestOffset=0
2018-09-10 10:19:41 INFO TransactionalMessageCheckService - No new msg, the miss offset=0 in=MessageQueue [topic=RMQ_SYS_TRANS_HALF_TOPIC, brokerName=481b34555c8a, queueId=0], continue check=2, pull result=PullResult [pullStatus=NO_NEW_MSG, nextBeginOffset=0, minOffset=0, maxOffset=0, msgFoundList=0]
2018-09-10 10:19:41 INFO TransactionalMessageCheckService - End to check prepare message, consumed time:1
2018-09-10 10:20:41 INFO TransactionalMessageCheckService - Begin to check prepare message, begin time:1536546041964
2018-09-10 10:20:41 INFO TransactionalMessageCheckService - Check topic=RMQ_SYS_TRANS_HALF_TOPIC, queues=[MessageQueue [topic=RMQ_SYS_TRANS_HALF_TOPIC, brokerName=481b34555c8a, queueId=0]]
2018-09-10 10:20:41 INFO TransactionalMessageCheckService - Before check, the queue=MessageQueue [topic=RMQ_SYS_TRANS_HALF_TOPIC, brokerName=481b34555c8a, queueId=0] msgOffset=0 opOffset=0
2018-09-10 10:20:41 WARN TransactionalMessageCheckService - No new message. GetMessageStatus=NO_MESSAGE_IN_QUEUE, topic=RMQ_SYS_TRANS_OP_HALF_TOPIC, groupId=CID_RMQ_SYS_TRANS, requestOffset=0
2018-09-10 10:20:41 WARN TransactionalMessageCheckService - The miss op offset=0 in queue=MessageQueue [topic=RMQ_SYS_TRANS_OP_HALF_TOPIC, brokerName=481b34555c8a, queueId=0] is NO_NEW_MSG, pullResult=PullResult [pullStatus=NO_NEW_MSG, nextBeginOffset=0, minOffset=0, maxOffset=0, msgFoundList=0]
2018-09-10 10:20:41 WARN TransactionalMessageCheckService - No new message. GetMessageStatus=NO_MESSAGE_IN_QUEUE, topic=RMQ_SYS_TRANS_HALF_TOPIC, groupId=CID_RMQ_SYS_TRANS, requestOffset=0
2018-09-10 10:20:41 INFO TransactionalMessageCheckService - No new msg, the miss offset=0 in=MessageQueue [topic=RMQ_SYS_TRANS_HALF_TOPIC, brokerName=481b34555c8a, queueId=0], continue check=2, pull result=PullResult [pullStatus=NO_NEW_MSG, nextBeginOffset=0, minOffset=0, maxOffset=0, msgFoundList=0]
2018-09-10 10:20:41 INFO TransactionalMessageCheckService - End to check prepare message, consumed time:0
2018-09-10 10:21:41 INFO TransactionalMessageCheckService - Begin to check prepare message, begin time:1536546101964
2018-09-10 10:21:41 INFO TransactionalMessageCheckService - Check topic=RMQ_SYS_TRANS_HALF_TOPIC, queues=[MessageQueue [topic=RMQ_SYS_TRANS_HALF_TOPIC, brokerName=481b34555c8a, queueId=0]]
2018-09-10 10:21:41 INFO TransactionalMessageCheckService - Before check, the queue=MessageQueue [topic=RMQ_SYS_TRANS_HALF_TOPIC, brokerName=481b34555c8a, queueId=0] msgOffset=0 opOffset=0
2018-09-10 10:21:41 WARN TransactionalMessageCheckService - No new message. GetMessageStatus=NO_MESSAGE_IN_QUEUE, topic=RMQ_SYS_TRANS_OP_HALF_TOPIC, groupId=CID_RMQ_SYS_TRANS, requestOffset=0
2018-09-10 10:21:41 WARN TransactionalMessageCheckService - The miss op offset=0 in queue=MessageQueue [topic=RMQ_SYS_TRANS_OP_HALF_TOPIC, brokerName=481b34555c8a, queueId=0] is NO_NEW_MSG, pullResult=PullResult [pullStatus=NO_NEW_MSG, nextBeginOffset=0, minOffset=0, maxOffset=0, msgFoundList=0]
2018-09-10 10:21:41 WARN TransactionalMessageCheckService - No new message. GetMessageStatus=NO_MESSAGE_IN_QUEUE, topic=RMQ_SYS_TRANS_HALF_TOPIC, groupId=CID_RMQ_SYS_TRANS, requestOffset=0
2018-09-10 10:21:41 INFO TransactionalMessageCheckService - No new msg, the miss offset=0 in=MessageQueue [topic=RMQ_SYS_TRANS_HALF_TOPIC, brokerName=481b34555c8a, queueId=0], continue check=2, pull result=PullResult [pullStatus=NO_NEW_MSG, nextBeginOffset=0, minOffset=0, maxOffset=0, msgFoundList=0]
2018-09-10 10:21:41 INFO TransactionalMessageCheckService - End to check prepare message, consumed time:0
2018-09-10 10:22:41 INFO TransactionalMessageCheckService - Begin to check prepare message, begin time:1536546161964
2018-09-10 10:22:41 INFO TransactionalMessageCheckService - Check topic=RMQ_SYS_TRANS_HALF_TOPIC, queues=[MessageQueue [topic=RMQ_SYS_TRANS_HALF_TOPIC, brokerName=481b34555c8a, queueId=0]]
2018-09-10 10:22:41 INFO TransactionalMessageCheckService - Before check, the queue=MessageQueue [topic=RMQ_SYS_TRANS_HALF_TOPIC, brokerName=481b34555c8a, queueId=0] msgOffset=0 opOffset=0
2018-09-10 10:22:41 WARN TransactionalMessageCheckService - No new message. GetMessageStatus=NO_MESSAGE_IN_QUEUE, topic=RMQ_SYS_TRANS_OP_HALF_TOPIC, groupId=CID_RMQ_SYS_TRANS, requestOffset=0
2018-09-10 10:22:41 WARN TransactionalMessageCheckService - The miss op offset=0 in queue=MessageQueue [topic=RMQ_SYS_TRANS_OP_HALF_TOPIC, brokerName=481b34555c8a, queueId=0] is NO_NEW_MSG, pullResult=PullResult [pullStatus=NO_NEW_MSG, nextBeginOffset=0, minOffset=0, maxOffset=0, msgFoundList=0]
2018-09-10 10:22:41 WARN TransactionalMessageCheckService - No new message. GetMessageStatus=NO_MESSAGE_IN_QUEUE, topic=RMQ_SYS_TRANS_HALF_TOPIC, groupId=CID_RMQ_SYS_TRANS, requestOffset=0
2018-09-10 10:22:41 INFO TransactionalMessageCheckService - No new msg, the miss offset=0 in=MessageQueue [topic=RMQ_SYS_TRANS_HALF_TOPIC, brokerName=481b34555c8a, queueId=0], continue check=2, pull result=PullResult [pullStatus=NO_NEW_MSG, nextBeginOffset=0, minOffset=0, maxOffset=0, msgFoundList=0]
2018-09-10 10:22:41 INFO TransactionalMessageCheckService - End to check prepare message, consumed time:1
2018-09-10 10:23:41 INFO TransactionalMessageCheckService - Begin to check prepare message, begin time:1536546221965
2018-09-10 10:23:41 INFO TransactionalMessageCheckService - Check topic=RMQ_SYS_TRANS_HALF_TOPIC, queues=[MessageQueue [topic=RMQ_SYS_TRANS_HALF_TOPIC, brokerName=481b34555c8a, queueId=0]]
2018-09-10 10:23:41 INFO TransactionalMessageCheckService - Before check, the queue=MessageQueue [topic=RMQ_SYS_TRANS_HALF_TOPIC, brokerName=481b34555c8a, queueId=0] msgOffset=0 opOffset=0
2018-09-10 10:23:41 WARN TransactionalMessageCheckService - No new message. GetMessageStatus=NO_MESSAGE_IN_QUEUE, topic=RMQ_SYS_TRANS_OP_HALF_TOPIC, groupId=CID_RMQ_SYS_TRANS, requestOffset=0
2018-09-10 10:23:41 WARN TransactionalMessageCheckService - The miss op offset=0 in queue=MessageQueue [topic=RMQ_SYS_TRANS_OP_HALF_TOPIC, brokerName=481b34555c8a, queueId=0] is NO_NEW_MSG, pullResult=PullResult [pullStatus=NO_NEW_MSG, nextBeginOffset=0, minOffset=0, maxOffset=0, msgFoundList=0]
2018-09-10 10:23:41 WARN TransactionalMessageCheckService - No new message. GetMessageStatus=NO_MESSAGE_IN_QUEUE, topic=RMQ_SYS_TRANS_HALF_TOPIC, groupId=CID_RMQ_SYS_TRANS, requestOffset=0
2018-09-10 10:23:41 INFO TransactionalMessageCheckService - No new msg, the miss offset=0 in=MessageQueue [topic=RMQ_SYS_TRANS_HALF_TOPIC, brokerName=481b34555c8a, queueId=0], continue check=2, pull result=PullResult [pullStatus=NO_NEW_MSG, nextBeginOffset=0, minOffset=0, maxOffset=0, msgFoundList=0]
2018-09-10 10:23:41 INFO TransactionalMessageCheckService - End to check prepare message, consumed time:0
2018-09-10 11:49:12 INFO TransactionalMessageCheckService - Start transaction check service thread!
2018-09-10 11:50:13 INFO TransactionalMessageCheckService - Begin to check prepare message, begin time:1536551413000
2018-09-10 11:50:13 INFO TransactionalMessageCheckService - Check topic=RMQ_SYS_TRANS_HALF_TOPIC, queues=[MessageQueue [topic=RMQ_SYS_TRANS_HALF_TOPIC, brokerName=481b34555c8a, queueId=0]]
2018-09-10 11:50:13 INFO TransactionalMessageCheckService - Before check, the queue=MessageQueue [topic=RMQ_SYS_TRANS_HALF_TOPIC, brokerName=481b34555c8a, queueId=0] msgOffset=0 opOffset=0
2018-09-10 11:50:13 WARN TransactionalMessageCheckService - No new message. GetMessageStatus=NO_MESSAGE_IN_QUEUE, topic=RMQ_SYS_TRANS_OP_HALF_TOPIC, groupId=CID_RMQ_SYS_TRANS, requestOffset=0
2018-09-10 11:50:13 WARN TransactionalMessageCheckService - The miss op offset=0 in queue=MessageQueue [topic=RMQ_SYS_TRANS_OP_HALF_TOPIC, brokerName=481b34555c8a, queueId=0] is NO_NEW_MSG, pullResult=PullResult [pullStatus=NO_NEW_MSG, nextBeginOffset=0, minOffset=0, maxOffset=0, msgFoundList=0]
2018-09-10 11:50:13 WARN TransactionalMessageCheckService - No new message. GetMessageStatus=NO_MESSAGE_IN_QUEUE, topic=RMQ_SYS_TRANS_HALF_TOPIC, groupId=CID_RMQ_SYS_TRANS, requestOffset=0
2018-09-10 11:50:13 INFO TransactionalMessageCheckService - No new msg, the miss offset=0 in=MessageQueue [topic=RMQ_SYS_TRANS_HALF_TOPIC, brokerName=481b34555c8a, queueId=0], continue check=2, pull result=PullResult [pullStatus=NO_NEW_MSG, nextBeginOffset=0, minOffset=0, maxOffset=0, msgFoundList=0]
2018-09-10 11:50:13 INFO TransactionalMessageCheckService - End to check prepare message, consumed time:48
2018-09-10 11:51:13 INFO TransactionalMessageCheckService - Begin to check prepare message, begin time:1536551473048
2018-09-10 11:51:13 INFO TransactionalMessageCheckService - Check topic=RMQ_SYS_TRANS_HALF_TOPIC, queues=[MessageQueue [topic=RMQ_SYS_TRANS_HALF_TOPIC, brokerName=481b34555c8a, queueId=0]]
2018-09-10 11:51:13 INFO TransactionalMessageCheckService - Before check, the queue=MessageQueue [topic=RMQ_SYS_TRANS_HALF_TOPIC, brokerName=481b34555c8a, queueId=0] msgOffset=0 opOffset=0
2018-09-10 11:51:13 WARN TransactionalMessageCheckService - No new message. GetMessageStatus=NO_MESSAGE_IN_QUEUE, topic=RMQ_SYS_TRANS_OP_HALF_TOPIC, groupId=CID_RMQ_SYS_TRANS, requestOffset=0
2018-09-10 11:51:13 WARN TransactionalMessageCheckService - The miss op offset=0 in queue=MessageQueue [topic=RMQ_SYS_TRANS_OP_HALF_TOPIC, brokerName=481b34555c8a, queueId=0] is NO_NEW_MSG, pullResult=PullResult [pullStatus=NO_NEW_MSG, nextBeginOffset=0, minOffset=0, maxOffset=0, msgFoundList=0]
2018-09-10 11:51:13 WARN TransactionalMessageCheckService - No new message. GetMessageStatus=NO_MESSAGE_IN_QUEUE, topic=RMQ_SYS_TRANS_HALF_TOPIC, groupId=CID_RMQ_SYS_TRANS, requestOffset=0
2018-09-10 11:51:13 INFO TransactionalMessageCheckService - No new msg, the miss offset=0 in=MessageQueue [topic=RMQ_SYS_TRANS_HALF_TOPIC, brokerName=481b34555c8a, queueId=0], continue check=2, pull result=PullResult [pullStatus=NO_NEW_MSG, nextBeginOffset=0, minOffset=0, maxOffset=0, msgFoundList=0]
2018-09-10 11:51:13 INFO TransactionalMessageCheckService - End to check prepare message, consumed time:0
2018-09-10 11:52:13 INFO TransactionalMessageCheckService - Begin to check prepare message, begin time:1536551533048
2018-09-10 11:52:13 INFO TransactionalMessageCheckService - Check topic=RMQ_SYS_TRANS_HALF_TOPIC, queues=[MessageQueue [topic=RMQ_SYS_TRANS_HALF_TOPIC, brokerName=481b34555c8a, queueId=0]]
2018-09-10 11:52:13 INFO TransactionalMessageCheckService - Before check, the queue=MessageQueue [topic=RMQ_SYS_TRANS_HALF_TOPIC, brokerName=481b34555c8a, queueId=0] msgOffset=0 opOffset=0
2018-09-10 11:52:13 WARN TransactionalMessageCheckService - No new message. GetMessageStatus=NO_MESSAGE_IN_QUEUE, topic=RMQ_SYS_TRANS_OP_HALF_TOPIC, groupId=CID_RMQ_SYS_TRANS, requestOffset=0
2018-09-10 11:52:13 WARN TransactionalMessageCheckService - The miss op offset=0 in queue=MessageQueue [topic=RMQ_SYS_TRANS_OP_HALF_TOPIC, brokerName=481b34555c8a, queueId=0] is NO_NEW_MSG, pullResult=PullResult [pullStatus=NO_NEW_MSG, nextBeginOffset=0, minOffset=0, maxOffset=0, msgFoundList=0]
2018-09-10 11:52:13 WARN TransactionalMessageCheckService - No new message. GetMessageStatus=NO_MESSAGE_IN_QUEUE, topic=RMQ_SYS_TRANS_HALF_TOPIC, groupId=CID_RMQ_SYS_TRANS, requestOffset=0
2018-09-10 11:52:13 INFO TransactionalMessageCheckService - No new msg, the miss offset=0 in=MessageQueue [topic=RMQ_SYS_TRANS_HALF_TOPIC, brokerName=481b34555c8a, queueId=0], continue check=2, pull result=PullResult [pullStatus=NO_NEW_MSG, nextBeginOffset=0, minOffset=0, maxOffset=0, msgFoundList=0]
2018-09-10 11:52:13 INFO TransactionalMessageCheckService - End to check prepare message, consumed time:1
2018-09-10 11:53:13 INFO TransactionalMessageCheckService - Begin to check prepare message, begin time:1536551593049
2018-09-10 11:53:13 INFO TransactionalMessageCheckService - Check topic=RMQ_SYS_TRANS_HALF_TOPIC, queues=[MessageQueue [topic=RMQ_SYS_TRANS_HALF_TOPIC, brokerName=481b34555c8a, queueId=0]]
2018-09-10 11:53:13 INFO TransactionalMessageCheckService - Before check, the queue=MessageQueue [topic=RMQ_SYS_TRANS_HALF_TOPIC, brokerName=481b34555c8a, queueId=0] msgOffset=0 opOffset=0
2018-09-10 11:53:13 WARN TransactionalMessageCheckService - No new message. GetMessageStatus=NO_MESSAGE_IN_QUEUE, topic=RMQ_SYS_TRANS_OP_HALF_TOPIC, groupId=CID_RMQ_SYS_TRANS, requestOffset=0
2018-09-10 11:53:13 WARN TransactionalMessageCheckService - The miss op offset=0 in queue=MessageQueue [topic=RMQ_SYS_TRANS_OP_HALF_TOPIC, brokerName=481b34555c8a, queueId=0] is NO_NEW_MSG, pullResult=PullResult [pullStatus=NO_NEW_MSG, nextBeginOffset=0, minOffset=0, maxOffset=0, msgFoundList=0]
2018-09-10 11:53:13 WARN TransactionalMessageCheckService - No new message. GetMessageStatus=NO_MESSAGE_IN_QUEUE, topic=RMQ_SYS_TRANS_HALF_TOPIC, groupId=CID_RMQ_SYS_TRANS, requestOffset=0
2018-09-10 11:53:13 INFO TransactionalMessageCheckService - No new msg, the miss offset=0 in=MessageQueue [topic=RMQ_SYS_TRANS_HALF_TOPIC, brokerName=481b34555c8a, queueId=0], continue check=2, pull result=PullResult [pullStatus=NO_NEW_MSG, nextBeginOffset=0, minOffset=0, maxOffset=0, msgFoundList=0]
2018-09-10 11:53:13 INFO TransactionalMessageCheckService - End to check prepare message, consumed time:0
2018-09-10 11:54:13 INFO TransactionalMessageCheckService - Begin to check prepare message, begin time:1536551653049
2018-09-10 11:54:13 INFO TransactionalMessageCheckService - Check topic=RMQ_SYS_TRANS_HALF_TOPIC, queues=[MessageQueue [topic=RMQ_SYS_TRANS_HALF_TOPIC, brokerName=481b34555c8a, queueId=0]]
2018-09-10 11:54:13 INFO TransactionalMessageCheckService - Before check, the queue=MessageQueue [topic=RMQ_SYS_TRANS_HALF_TOPIC, brokerName=481b34555c8a, queueId=0] msgOffset=0 opOffset=0
2018-09-10 11:54:13 WARN TransactionalMessageCheckService - No new message. GetMessageStatus=NO_MESSAGE_IN_QUEUE, topic=RMQ_SYS_TRANS_OP_HALF_TOPIC, groupId=CID_RMQ_SYS_TRANS, requestOffset=0
2018-09-10 11:54:13 WARN TransactionalMessageCheckService - The miss op offset=0 in queue=MessageQueue [topic=RMQ_SYS_TRANS_OP_HALF_TOPIC, brokerName=481b34555c8a, queueId=0] is NO_NEW_MSG, pullResult=PullResult [pullStatus=NO_NEW_MSG, nextBeginOffset=0, minOffset=0, maxOffset=0, msgFoundList=0]
2018-09-10 11:54:13 WARN TransactionalMessageCheckService - No new message. GetMessageStatus=NO_MESSAGE_IN_QUEUE, topic=RMQ_SYS_TRANS_HALF_TOPIC, groupId=CID_RMQ_SYS_TRANS, requestOffset=0
2018-09-10 11:54:13 INFO TransactionalMessageCheckService - No new msg, the miss offset=0 in=MessageQueue [topic=RMQ_SYS_TRANS_HALF_TOPIC, brokerName=481b34555c8a, queueId=0], continue check=2, pull result=PullResult [pullStatus=NO_NEW_MSG, nextBeginOffset=0, minOffset=0, maxOffset=0, msgFoundList=0]
2018-09-10 11:54:13 INFO TransactionalMessageCheckService - End to check prepare message, consumed time:1
2018-09-10 11:55:13 INFO TransactionalMessageCheckService - Begin to check prepare message, begin time:1536551713050
2018-09-10 11:55:13 INFO TransactionalMessageCheckService - Check topic=RMQ_SYS_TRANS_HALF_TOPIC, queues=[MessageQueue [topic=RMQ_SYS_TRANS_HALF_TOPIC, brokerName=481b34555c8a, queueId=0]]
2018-09-10 11:55:13 INFO TransactionalMessageCheckService - Before check, the queue=MessageQueue [topic=RMQ_SYS_TRANS_HALF_TOPIC, brokerName=481b34555c8a, queueId=0] msgOffset=0 opOffset=0
2018-09-10 11:55:13 WARN TransactionalMessageCheckService - No new message. GetMessageStatus=NO_MESSAGE_IN_QUEUE, topic=RMQ_SYS_TRANS_OP_HALF_TOPIC, groupId=CID_RMQ_SYS_TRANS, requestOffset=0
2018-09-10 11:55:13 WARN TransactionalMessageCheckService - The miss op offset=0 in queue=MessageQueue [topic=RMQ_SYS_TRANS_OP_HALF_TOPIC, brokerName=481b34555c8a, queueId=0] is NO_NEW_MSG, pullResult=PullResult [pullStatus=NO_NEW_MSG, nextBeginOffset=0, minOffset=0, maxOffset=0, msgFoundList=0]
2018-09-10 11:55:13 WARN TransactionalMessageCheckService - No new message. GetMessageStatus=NO_MESSAGE_IN_QUEUE, topic=RMQ_SYS_TRANS_HALF_TOPIC, groupId=CID_RMQ_SYS_TRANS, requestOffset=0
2018-09-10 11:55:13 INFO TransactionalMessageCheckService - No new msg, the miss offset=0 in=MessageQueue [topic=RMQ_SYS_TRANS_HALF_TOPIC, brokerName=481b34555c8a, queueId=0], continue check=2, pull result=PullResult [pullStatus=NO_NEW_MSG, nextBeginOffset=0, minOffset=0, maxOffset=0, msgFoundList=0]
2018-09-10 11:55:13 INFO TransactionalMessageCheckService - End to check prepare message, consumed time:1
2018-09-10 11:56:13 INFO TransactionalMessageCheckService - Begin to check prepare message, begin time:1536551773051
2018-09-10 11:56:13 INFO TransactionalMessageCheckService - Check topic=RMQ_SYS_TRANS_HALF_TOPIC, queues=[MessageQueue [topic=RMQ_SYS_TRANS_HALF_TOPIC, brokerName=481b34555c8a, queueId=0]]
2018-09-10 11:56:13 INFO TransactionalMessageCheckService - Before check, the queue=MessageQueue [topic=RMQ_SYS_TRANS_HALF_TOPIC, brokerName=481b34555c8a, queueId=0] msgOffset=0 opOffset=0
2018-09-10 11:56:13 WARN TransactionalMessageCheckService - No new message. GetMessageStatus=NO_MESSAGE_IN_QUEUE, topic=RMQ_SYS_TRANS_OP_HALF_TOPIC, groupId=CID_RMQ_SYS_TRANS, requestOffset=0
2018-09-10 11:56:13 WARN TransactionalMessageCheckService - The miss op offset=0 in queue=MessageQueue [topic=RMQ_SYS_TRANS_OP_HALF_TOPIC, brokerName=481b34555c8a, queueId=0] is NO_NEW_MSG, pullResult=PullResult [pullStatus=NO_NEW_MSG, nextBeginOffset=0, minOffset=0, maxOffset=0, msgFoundList=0]
2018-09-10 11:56:13 WARN TransactionalMessageCheckService - No new message. GetMessageStatus=NO_MESSAGE_IN_QUEUE, topic=RMQ_SYS_TRANS_HALF_TOPIC, groupId=CID_RMQ_SYS_TRANS, requestOffset=0
2018-09-10 11:56:13 INFO TransactionalMessageCheckService - No new msg, the miss offset=0 in=MessageQueue [topic=RMQ_SYS_TRANS_HALF_TOPIC, brokerName=481b34555c8a, queueId=0], continue check=2, pull result=PullResult [pullStatus=NO_NEW_MSG, nextBeginOffset=0, minOffset=0, maxOffset=0, msgFoundList=0]
2018-09-10 11:56:13 INFO TransactionalMessageCheckService - End to check prepare message, consumed time:0
2018-09-10 11:57:13 INFO TransactionalMessageCheckService - Begin to check prepare message, begin time:1536551833051
2018-09-10 11:57:13 INFO TransactionalMessageCheckService - Check topic=RMQ_SYS_TRANS_HALF_TOPIC, queues=[MessageQueue [topic=RMQ_SYS_TRANS_HALF_TOPIC, brokerName=481b34555c8a, queueId=0]]
2018-09-10 11:57:13 INFO TransactionalMessageCheckService - Before check, the queue=MessageQueue [topic=RMQ_SYS_TRANS_HALF_TOPIC, brokerName=481b34555c8a, queueId=0] msgOffset=0 opOffset=0
2018-09-10 11:57:13 WARN TransactionalMessageCheckService - No new message. GetMessageStatus=NO_MESSAGE_IN_QUEUE, topic=RMQ_SYS_TRANS_OP_HALF_TOPIC, groupId=CID_RMQ_SYS_TRANS, requestOffset=0
2018-09-10 11:57:13 WARN TransactionalMessageCheckService - The miss op offset=0 in queue=MessageQueue [topic=RMQ_SYS_TRANS_OP_HALF_TOPIC, brokerName=481b34555c8a, queueId=0] is NO_NEW_MSG, pullResult=PullResult [pullStatus=NO_NEW_MSG, nextBeginOffset=0, minOffset=0, maxOffset=0, msgFoundList=0]
2018-09-10 11:57:13 WARN TransactionalMessageCheckService - No new message. GetMessageStatus=NO_MESSAGE_IN_QUEUE, topic=RMQ_SYS_TRANS_HALF_TOPIC, groupId=CID_RMQ_SYS_TRANS, requestOffset=0
2018-09-10 11:57:13 INFO TransactionalMessageCheckService - No new msg, the miss offset=0 in=MessageQueue [topic=RMQ_SYS_TRANS_HALF_TOPIC, brokerName=481b34555c8a, queueId=0], continue check=2, pull result=PullResult [pullStatus=NO_NEW_MSG, nextBeginOffset=0, minOffset=0, maxOffset=0, msgFoundList=0]
2018-09-10 11:57:13 INFO TransactionalMessageCheckService - End to check prepare message, consumed time:1
2018-09-10 11:58:13 INFO TransactionalMessageCheckService - Begin to check prepare message, begin time:1536551893052
2018-09-10 11:58:13 INFO TransactionalMessageCheckService - Check topic=RMQ_SYS_TRANS_HALF_TOPIC, queues=[MessageQueue [topic=RMQ_SYS_TRANS_HALF_TOPIC, brokerName=481b34555c8a, queueId=0]]
2018-09-10 11:58:13 INFO TransactionalMessageCheckService - Before check, the queue=MessageQueue [topic=RMQ_SYS_TRANS_HALF_TOPIC, brokerName=481b34555c8a, queueId=0] msgOffset=0 opOffset=0
2018-09-10 11:58:13 WARN TransactionalMessageCheckService - No new message. GetMessageStatus=NO_MESSAGE_IN_QUEUE, topic=RMQ_SYS_TRANS_OP_HALF_TOPIC, groupId=CID_RMQ_SYS_TRANS, requestOffset=0
2018-09-10 11:58:13 WARN TransactionalMessageCheckService - The miss op offset=0 in queue=MessageQueue [topic=RMQ_SYS_TRANS_OP_HALF_TOPIC, brokerName=481b34555c8a, queueId=0] is NO_NEW_MSG, pullResult=PullResult [pullStatus=NO_NEW_MSG, nextBeginOffset=0, minOffset=0, maxOffset=0, msgFoundList=0]
2018-09-10 11:58:13 WARN TransactionalMessageCheckService - No new message. GetMessageStatus=NO_MESSAGE_IN_QUEUE, topic=RMQ_SYS_TRANS_HALF_TOPIC, groupId=CID_RMQ_SYS_TRANS, requestOffset=0
2018-09-10 11:58:13 INFO TransactionalMessageCheckService - No new msg, the miss offset=0 in=MessageQueue [topic=RMQ_SYS_TRANS_HALF_TOPIC, brokerName=481b34555c8a, queueId=0], continue check=2, pull result=PullResult [pullStatus=NO_NEW_MSG, nextBeginOffset=0, minOffset=0, maxOffset=0, msgFoundList=0]
2018-09-10 11:58:13 INFO TransactionalMessageCheckService - End to check prepare message, consumed time:0
2018-09-10 11:59:13 INFO TransactionalMessageCheckService - Begin to check prepare message, begin time:1536551953052
2018-09-10 11:59:13 INFO TransactionalMessageCheckService - Check topic=RMQ_SYS_TRANS_HALF_TOPIC, queues=[MessageQueue [topic=RMQ_SYS_TRANS_HALF_TOPIC, brokerName=481b34555c8a, queueId=0]]
2018-09-10 11:59:13 INFO TransactionalMessageCheckService - Before check, the queue=MessageQueue [topic=RMQ_SYS_TRANS_HALF_TOPIC, brokerName=481b34555c8a, queueId=0] msgOffset=0 opOffset=0
2018-09-10 11:59:13 WARN TransactionalMessageCheckService - No new message. GetMessageStatus=NO_MESSAGE_IN_QUEUE, topic=RMQ_SYS_TRANS_OP_HALF_TOPIC, groupId=CID_RMQ_SYS_TRANS, requestOffset=0
2018-09-10 11:59:13 WARN TransactionalMessageCheckService - The miss op offset=0 in queue=MessageQueue [topic=RMQ_SYS_TRANS_OP_HALF_TOPIC, brokerName=481b34555c8a, queueId=0] is NO_NEW_MSG, pullResult=PullResult [pullStatus=NO_NEW_MSG, nextBeginOffset=0, minOffset=0, maxOffset=0, msgFoundList=0]
2018-09-10 11:59:13 WARN TransactionalMessageCheckService - No new message. GetMessageStatus=NO_MESSAGE_IN_QUEUE, topic=RMQ_SYS_TRANS_HALF_TOPIC, groupId=CID_RMQ_SYS_TRANS, requestOffset=0
2018-09-10 11:59:13 INFO TransactionalMessageCheckService - No new msg, the miss offset=0 in=MessageQueue [topic=RMQ_SYS_TRANS_HALF_TOPIC, brokerName=481b34555c8a, queueId=0], continue check=2, pull result=PullResult [pullStatus=NO_NEW_MSG, nextBeginOffset=0, minOffset=0, maxOffset=0, msgFoundList=0]
2018-09-10 11:59:13 INFO TransactionalMessageCheckService - End to check prepare message, consumed time:0
2018-09-10 12:00:13 INFO TransactionalMessageCheckService - Begin to check prepare message, begin time:1536552013052
2018-09-10 12:00:13 INFO TransactionalMessageCheckService - Check topic=RMQ_SYS_TRANS_HALF_TOPIC, queues=[MessageQueue [topic=RMQ_SYS_TRANS_HALF_TOPIC, brokerName=481b34555c8a, queueId=0]]
2018-09-10 12:00:13 INFO TransactionalMessageCheckService - Before check, the queue=MessageQueue [topic=RMQ_SYS_TRANS_HALF_TOPIC, brokerName=481b34555c8a, queueId=0] msgOffset=0 opOffset=0
2018-09-10 12:00:13 WARN TransactionalMessageCheckService - No new message. GetMessageStatus=NO_MESSAGE_IN_QUEUE, topic=RMQ_SYS_TRANS_OP_HALF_TOPIC, groupId=CID_RMQ_SYS_TRANS, requestOffset=0
2018-09-10 12:00:13 WARN TransactionalMessageCheckService - The miss op offset=0 in queue=MessageQueue [topic=RMQ_SYS_TRANS_OP_HALF_TOPIC, brokerName=481b34555c8a, queueId=0] is NO_NEW_MSG, pullResult=PullResult [pullStatus=NO_NEW_MSG, nextBeginOffset=0, minOffset=0, maxOffset=0, msgFoundList=0]
2018-09-10 12:00:13 WARN TransactionalMessageCheckService - No new message. GetMessageStatus=NO_MESSAGE_IN_QUEUE, topic=RMQ_SYS_TRANS_HALF_TOPIC, groupId=CID_RMQ_SYS_TRANS, requestOffset=0
2018-09-10 12:00:13 INFO TransactionalMessageCheckService - No new msg, the miss offset=0 in=MessageQueue [topic=RMQ_SYS_TRANS_HALF_TOPIC, brokerName=481b34555c8a, queueId=0], continue check=2, pull result=PullResult [pullStatus=NO_NEW_MSG, nextBeginOffset=0, minOffset=0, maxOffset=0, msgFoundList=0]
2018-09-10 12:00:13 INFO TransactionalMessageCheckService - End to check prepare message, consumed time:1
2018-09-10 12:01:13 INFO TransactionalMessageCheckService - Begin to check prepare message, begin time:1536552073053
2018-09-10 12:01:13 INFO TransactionalMessageCheckService - Check topic=RMQ_SYS_TRANS_HALF_TOPIC, queues=[MessageQueue [topic=RMQ_SYS_TRANS_HALF_TOPIC, brokerName=481b34555c8a, queueId=0]]
2018-09-10 12:01:13 INFO TransactionalMessageCheckService - Before check, the queue=MessageQueue [topic=RMQ_SYS_TRANS_HALF_TOPIC, brokerName=481b34555c8a, queueId=0] msgOffset=0 opOffset=0
2018-09-10 12:01:13 WARN TransactionalMessageCheckService - No new message. GetMessageStatus=NO_MESSAGE_IN_QUEUE, topic=RMQ_SYS_TRANS_OP_HALF_TOPIC, groupId=CID_RMQ_SYS_TRANS, requestOffset=0
2018-09-10 12:01:13 WARN TransactionalMessageCheckService - The miss op offset=0 in queue=MessageQueue [topic=RMQ_SYS_TRANS_OP_HALF_TOPIC, brokerName=481b34555c8a, queueId=0] is NO_NEW_MSG, pullResult=PullResult [pullStatus=NO_NEW_MSG, nextBeginOffset=0, minOffset=0, maxOffset=0, msgFoundList=0]
2018-09-10 12:01:13 WARN TransactionalMessageCheckService - No new message. GetMessageStatus=NO_MESSAGE_IN_QUEUE, topic=RMQ_SYS_TRANS_HALF_TOPIC, groupId=CID_RMQ_SYS_TRANS, requestOffset=0
2018-09-10 12:01:13 INFO TransactionalMessageCheckService - No new msg, the miss offset=0 in=MessageQueue [topic=RMQ_SYS_TRANS_HALF_TOPIC, brokerName=481b34555c8a, queueId=0], continue check=2, pull result=PullResult [pullStatus=NO_NEW_MSG, nextBeginOffset=0, minOffset=0, maxOffset=0, msgFoundList=0]
2018-09-10 12:01:13 INFO TransactionalMessageCheckService - End to check prepare message, consumed time:0
2018-09-10 12:02:13 INFO TransactionalMessageCheckService - Begin to check prepare message, begin time:1536552133053
2018-09-10 12:02:13 INFO TransactionalMessageCheckService - Check topic=RMQ_SYS_TRANS_HALF_TOPIC, queues=[MessageQueue [topic=RMQ_SYS_TRANS_HALF_TOPIC, brokerName=481b34555c8a, queueId=0]]
2018-09-10 12:02:13 INFO TransactionalMessageCheckService - Before check, the queue=MessageQueue [topic=RMQ_SYS_TRANS_HALF_TOPIC, brokerName=481b34555c8a, queueId=0] msgOffset=0 opOffset=0
2018-09-10 12:02:13 WARN TransactionalMessageCheckService - No new message. GetMessageStatus=NO_MESSAGE_IN_QUEUE, topic=RMQ_SYS_TRANS_OP_HALF_TOPIC, groupId=CID_RMQ_SYS_TRANS, requestOffset=0
2018-09-10 12:02:13 WARN TransactionalMessageCheckService - The miss op offset=0 in queue=MessageQueue [topic=RMQ_SYS_TRANS_OP_HALF_TOPIC, brokerName=481b34555c8a, queueId=0] is NO_NEW_MSG, pullResult=PullResult [pullStatus=NO_NEW_MSG, nextBeginOffset=0, minOffset=0, maxOffset=0, msgFoundList=0]
2018-09-10 12:02:13 WARN TransactionalMessageCheckService - No new message. GetMessageStatus=NO_MESSAGE_IN_QUEUE, topic=RMQ_SYS_TRANS_HALF_TOPIC, groupId=CID_RMQ_SYS_TRANS, requestOffset=0
2018-09-10 12:02:13 INFO TransactionalMessageCheckService - No new msg, the miss offset=0 in=MessageQueue [topic=RMQ_SYS_TRANS_HALF_TOPIC, brokerName=481b34555c8a, queueId=0], continue check=2, pull result=PullResult [pullStatus=NO_NEW_MSG, nextBeginOffset=0, minOffset=0, maxOffset=0, msgFoundList=0]
2018-09-10 12:02:13 INFO TransactionalMessageCheckService - End to check prepare message, consumed time:1
